000 (78663829.000.000) 2023-06-29 17:53:12 Job submitted from host: <131.225.188.235:9618?addrs=131.225.188.235-9618+[2620-6a-0-8421-f0-0-188-235]-9618&alias=lpcschedd3.fnal.gov&noUDP&sock=schedd_2141_205b>
...
040 (78663829.000.000) 2023-06-29 17:53:37 Started transferring input files
	Transferring to host: <131.225.188.76:9618?addrs=[2620-6a-0-8421-f0-0-188-76]-9618+131.225.188.76-9618&alias=cmswn2039.fnal.gov&noUDP&sock=slot1_33_2124_4ccf_61270>
...
040 (78663829.000.000) 2023-06-29 17:53:37 Finished transferring input files
...
001 (78663829.000.000) 2023-06-29 17:53:38 Job executing on host: <131.225.188.76:9618?addrs=[2620-6a-0-8421-f0-0-188-76]-9618+131.225.188.76-9618&alias=cmswn2039.fnal.gov&noUDP&sock=startd_2006_8712>
...
006 (78663829.000.000) 2023-06-29 17:53:47 Image size of job updated: 10
	8  -  MemoryUsage of job (MB)
	8772  -  ResidentSetSize of job (KB)
...
006 (78663829.000.000) 2023-06-29 17:54:47 Image size of job updated: 250
	250  -  MemoryUsage of job (MB)
	256400  -  ResidentSetSize of job (KB)
...
006 (78663829.000.000) 2023-06-29 17:55:47 Image size of job updated: 280
	280  -  MemoryUsage of job (MB)
	287196  -  ResidentSetSize of job (KB)
...
006 (78663829.000.000) 2023-06-29 17:56:47 Image size of job updated: 289
	289  -  MemoryUsage of job (MB)
	296588  -  ResidentSetSize of job (KB)
...
006 (78663829.000.000) 2023-06-29 17:57:48 Image size of job updated: 417
	417  -  MemoryUsage of job (MB)
	427964  -  ResidentSetSize of job (KB)
...
006 (78663829.000.000) 2023-06-29 17:58:32 Image size of job updated: 489
	489  -  MemoryUsage of job (MB)
	501752  -  ResidentSetSize of job (KB)
...
040 (78663829.000.000) 2023-06-29 17:58:32 Started transferring output files
...
040 (78663829.000.000) 2023-06-29 17:58:32 Finished transferring output files
...
005 (78663829.000.000) 2023-06-29 17:58:35 Job terminated.
	(1) Normal termination (return value 0)
		Usr 0 00:03:06, Sys 0 00:00:12  -  Run Remote Usage
		Usr 0 00:00:00, Sys 0 00:00:00  -  Run Local Usage
		Usr 0 00:03:06, Sys 0 00:00:12  -  Total Remote Usage
		Usr 0 00:00:00, Sys 0 00:00:00  -  Total Local Usage
	1768426  -  Run Bytes Sent By Job
	19251  -  Run Bytes Received By Job
	1768426  -  Total Bytes Sent By Job
	19251  -  Total Bytes Received By Job
	Partitionable Resources :    Usage  Request Allocated 
	   Cpus                 :     0.00        1         1 
	   Disk (KB)            : 77316      131072   1642076 
	   Memory (MB)          :   489         512       512 

	Job terminated of its own accord at 2023-06-29T22:58:32Z with exit-code 0.
...
