The system is: Linux - 3.10.0-1160.81.1.el7.x86_64 - x86_64
Compiling the C compiler identification source file "CMakeCCompilerId.c" succeeded.
Compiler: /cvmfs/cms.cern.ch/slc7_amd64_gcc700/external/gcc/7.0.0-omkpbe2/bin/cc 
Build flags: 
Id flags:  

The output was:
0


Compilation of the C compiler identification source "CMakeCCompilerId.c" produced "a.out"

The C compiler identification is GNU, found in "/uscms/home/agrummer/nobackup/DiHiggs_v2/CMSSW_10_2_5/src/bbbbAnalysis/tempyaml/build/CMakeFiles/3.17.5/CompilerIdC/a.out"

Compiling the CXX compiler identification source file "CMakeCXXCompilerId.cpp" succeeded.
Compiler: /cvmfs/cms.cern.ch/slc7_amd64_gcc700/external/gcc/7.0.0-omkpbe2/bin/c++ 
Build flags: 
Id flags:  

The output was:
0


Compilation of the CXX compiler identification source "CMakeCXXCompilerId.cpp" produced "a.out"

The CXX compiler identification is GNU, found in "/uscms/home/agrummer/nobackup/DiHiggs_v2/CMSSW_10_2_5/src/bbbbAnalysis/tempyaml/build/CMakeFiles/3.17.5/CompilerIdCXX/a.out"

Determining if the C compiler works passed with the following output:
Change Dir: /uscms/home/agrummer/nobackup/DiHiggs_v2/CMSSW_10_2_5/src/bbbbAnalysis/tempyaml/build/CMakeFiles/CMakeTmp

Run Build Command(s):/cvmfs/cms.cern.ch/slc7_amd64_gcc700/cms/cmssw/CMSSW_10_2_5/external/slc7_amd64_gcc700/bin/gmake cmTC_ab1c2/fast && /cvmfs/cms.cern.ch/slc7_amd64_gcc700/cms/cmssw/CMSSW_10_2_5/external/slc7_amd64_gcc700/bin/gmake  -f CMakeFiles/cmTC_ab1c2.dir/build.make CMakeFiles/cmTC_ab1c2.dir/build
gmake[1]: Entering directory '/uscms_data/d3/agrummer/DiHiggs_v2/CMSSW_10_2_5/src/bbbbAnalysis/tempyaml/build/CMakeFiles/CMakeTmp'
Building C object CMakeFiles/cmTC_ab1c2.dir/testCCompiler.c.o
/cvmfs/cms.cern.ch/slc7_amd64_gcc700/external/gcc/7.0.0-omkpbe2/bin/cc    -o CMakeFiles/cmTC_ab1c2.dir/testCCompiler.c.o   -c /uscms/home/agrummer/nobackup/DiHiggs_v2/CMSSW_10_2_5/src/bbbbAnalysis/tempyaml/build/CMakeFiles/CMakeTmp/testCCompiler.c
Linking C executable cmTC_ab1c2
/usr/bin/cmake3 -E cmake_link_script CMakeFiles/cmTC_ab1c2.dir/link.txt --verbose=1
/cvmfs/cms.cern.ch/slc7_amd64_gcc700/external/gcc/7.0.0-omkpbe2/bin/cc      -rdynamic CMakeFiles/cmTC_ab1c2.dir/testCCompiler.c.o  -o cmTC_ab1c2 
gmake[1]: Leaving directory '/uscms_data/d3/agrummer/DiHiggs_v2/CMSSW_10_2_5/src/bbbbAnalysis/tempyaml/build/CMakeFiles/CMakeTmp'



Detecting C compiler ABI info compiled with the following output:
Change Dir: /uscms/home/agrummer/nobackup/DiHiggs_v2/CMSSW_10_2_5/src/bbbbAnalysis/tempyaml/build/CMakeFiles/CMakeTmp

Run Build Command(s):/cvmfs/cms.cern.ch/slc7_amd64_gcc700/cms/cmssw/CMSSW_10_2_5/external/slc7_amd64_gcc700/bin/gmake cmTC_d8221/fast && /cvmfs/cms.cern.ch/slc7_amd64_gcc700/cms/cmssw/CMSSW_10_2_5/external/slc7_amd64_gcc700/bin/gmake  -f CMakeFiles/cmTC_d8221.dir/build.make CMakeFiles/cmTC_d8221.dir/build
gmake[1]: Entering directory '/uscms_data/d3/agrummer/DiHiggs_v2/CMSSW_10_2_5/src/bbbbAnalysis/tempyaml/build/CMakeFiles/CMakeTmp'
Building C object CMakeFiles/cmTC_d8221.dir/CMakeCCompilerABI.c.o
/cvmfs/cms.cern.ch/slc7_amd64_gcc700/external/gcc/7.0.0-omkpbe2/bin/cc   -v -o CMakeFiles/cmTC_d8221.dir/CMakeCCompilerABI.c.o   -c /usr/share/cmake3/Modules/CMakeCCompilerABI.c
Using built-in specs.
COLLECT_GCC=/cvmfs/cms.cern.ch/slc7_amd64_gcc700/external/gcc/7.0.0-omkpbe2/bin/cc
Target: x86_64-unknown-linux-gnu
Configured with: ../configure --prefix=/build/cmsbld/auto-builds/CMSSW_10_1_0_pre2-slc7_amd64_gcc700/build/CMSSW_10_1_0_pre2-build/tmp/BUILDROOT/8ed230187c2a06a277ca03ddf192b0cd/opt/cmssw/slc7_amd64_gcc700/external/gcc/7.0.0-omkpbe2 --disable-multilib --disable-nls --disable-dssi --enable-languages=c,c++,fortran --enable-gnu-indirect-function --enable-__cxa_atexit --disable-libunwind-exceptions --enable-gnu-unique-object --enable-plugin --with-linker-hash-style=gnu --enable-linker-build-id --enable-ld=default --enable-lto --enable-gold=yes --with-gmp=/build/cmsbld/auto-builds/CMSSW_10_1_0_pre2-slc7_amd64_gcc700/build/CMSSW_10_1_0_pre2-build/tmp/BUILDROOT/8ed230187c2a06a277ca03ddf192b0cd/opt/cmssw/slc7_amd64_gcc700/external/gcc/7.0.0-omkpbe2 --with-mpfr=/build/cmsbld/auto-builds/CMSSW_10_1_0_pre2-slc7_amd64_gcc700/build/CMSSW_10_1_0_pre2-build/tmp/BUILDROOT/8ed230187c2a06a277ca03ddf192b0cd/opt/cmssw/slc7_amd64_gcc700/external/gcc/7.0.0-omkpbe2 --enable-bootstrap --with-mpc=/build/cmsbld/auto-builds/CMSSW_10_1_0_pre2-slc7_amd64_gcc700/build/CMSSW_10_1_0_pre2-build/tmp/BUILDROOT/8ed230187c2a06a277ca03ddf192b0cd/opt/cmssw/slc7_amd64_gcc700/external/gcc/7.0.0-omkpbe2 --with-isl=/build/cmsbld/auto-builds/CMSSW_10_1_0_pre2-slc7_amd64_gcc700/build/CMSSW_10_1_0_pre2-build/tmp/BUILDROOT/8ed230187c2a06a277ca03ddf192b0cd/opt/cmssw/slc7_amd64_gcc700/external/gcc/7.0.0-omkpbe2 --enable-checking=release --build=x86_64-unknown-linux-gnu --host=x86_64-unknown-linux-gnu --enable-libstdcxx-time=rt --enable-shared --disable-libgcj CC='gcc -fPIC' CXX='c++ -fPIC' CPP=cpp CXXCPP='c++ -E' CFLAGS=-I/build/cmsbld/auto-builds/CMSSW_10_1_0_pre2-slc7_amd64_gcc700/build/CMSSW_10_1_0_pre2-build/tmp/BUILDROOT/8ed230187c2a06a277ca03ddf192b0cd/opt/cmssw/slc7_amd64_gcc700/external/gcc/7.0.0-omkpbe2/tmp/sw/include CXXFLAGS=-I/build/cmsbld/auto-builds/CMSSW_10_1_0_pre2-slc7_amd64_gcc700/build/CMSSW_10_1_0_pre2-build/tmp/BUILDROOT/8ed230187c2a06a277ca03ddf192b0cd/opt/cmssw/slc7_amd64_gcc700/external/gcc/7.0.0-omkpbe2/tmp/sw/include LDFLAGS=-L/build/cmsbld/auto-builds/CMSSW_10_1_0_pre2-slc7_amd64_gcc700/build/CMSSW_10_1_0_pre2-build/tmp/BUILDROOT/8ed230187c2a06a277ca03ddf192b0cd/opt/cmssw/slc7_amd64_gcc700/external/gcc/7.0.0-omkpbe2/tmp/sw/lib
Thread model: posix
gcc version 7.3.1 20180127 (GCC) 
COLLECT_GCC_OPTIONS='-v' '-o' 'CMakeFiles/cmTC_d8221.dir/CMakeCCompilerABI.c.o' '-c' '-mtune=generic' '-march=x86-64'
 /cvmfs/cms.cern.ch/slc7_amd64_gcc700/external/gcc/7.0.0-omkpbe2/bin/../libexec/gcc/x86_64-unknown-linux-gnu/7.3.1/cc1 -quiet -v -iprefix /cvmfs/cms.cern.ch/slc7_amd64_gcc700/external/gcc/7.0.0-omkpbe2/bin/../lib/gcc/x86_64-unknown-linux-gnu/7.3.1/ /usr/share/cmake3/Modules/CMakeCCompilerABI.c -quiet -dumpbase CMakeCCompilerABI.c -mtune=generic -march=x86-64 -auxbase-strip CMakeFiles/cmTC_d8221.dir/CMakeCCompilerABI.c.o -version -o /tmp/ccSKwL3C.s
GNU C11 (GCC) version 7.3.1 20180127 (x86_64-unknown-linux-gnu)
	compiled by GNU C version 7.3.1 20180127, GMP version 6.1.2, MPFR version 3.1.6, MPC version 1.0.3, isl version isl-0.16.1-GMP

GGC heuristics: --param ggc-min-expand=100 --param ggc-min-heapsize=131072
ignoring nonexistent directory "/cvmfs/cms.cern.ch/slc7_amd64_gcc700/external/gcc/7.0.0-omkpbe2/bin/../lib/gcc/x86_64-unknown-linux-gnu/7.3.1/../../../../x86_64-unknown-linux-gnu/include"
ignoring duplicate directory "/cvmfs/cms.cern.ch/slc7_amd64_gcc700/external/gcc/7.0.0-omkpbe2/bin/../lib/gcc/../../lib/gcc/x86_64-unknown-linux-gnu/7.3.1/include"
ignoring duplicate directory "/cvmfs/cms.cern.ch/slc7_amd64_gcc700/external/gcc/7.0.0-omkpbe2/bin/../lib/gcc/../../lib/gcc/x86_64-unknown-linux-gnu/7.3.1/include-fixed"
ignoring nonexistent directory "/cvmfs/cms.cern.ch/slc7_amd64_gcc700/external/gcc/7.0.0-omkpbe2/bin/../lib/gcc/../../lib/gcc/x86_64-unknown-linux-gnu/7.3.1/../../../../x86_64-unknown-linux-gnu/include"
#include "..." search starts here:
#include <...> search starts here:
 .
 /cvmfs/sft.cern.ch/lcg/views/LCG_89/x86_64-slc6-gcc62-opt/include
 /uscms/homes/a/agrummer/nobackup/DiHiggs_v2/CMSSW_10_2_5/src/bbbbAnalysis/../
 /cvmfs/cms.cern.ch/slc7_amd64_gcc700/external/gcc/7.0.0-omkpbe2/bin/../lib/gcc/x86_64-unknown-linux-gnu/7.3.1/include
 /cvmfs/cms.cern.ch/slc7_amd64_gcc700/external/gcc/7.0.0-omkpbe2/bin/../lib/gcc/x86_64-unknown-linux-gnu/7.3.1/include-fixed
 /usr/local/include
 /cvmfs/cms.cern.ch/slc7_amd64_gcc700/external/gcc/7.0.0-omkpbe2/bin/../lib/gcc/../../include
 /usr/include
End of search list.
GNU C11 (GCC) version 7.3.1 20180127 (x86_64-unknown-linux-gnu)
	compiled by GNU C version 7.3.1 20180127, GMP version 6.1.2, MPFR version 3.1.6, MPC version 1.0.3, isl version isl-0.16.1-GMP

GGC heuristics: --param ggc-min-expand=100 --param ggc-min-heapsize=131072
Compiler executable checksum: 203d98044342037678c1ff10a4a85649
COLLECT_GCC_OPTIONS='-v' '-o' 'CMakeFiles/cmTC_d8221.dir/CMakeCCompilerABI.c.o' '-c' '-mtune=generic' '-march=x86-64'
 /cvmfs/cms.cern.ch/slc7_amd64_gcc700/external/gcc/7.0.0-omkpbe2/bin/../lib/gcc/x86_64-unknown-linux-gnu/7.3.1/../../../../x86_64-unknown-linux-gnu/bin/as -v --64 -o CMakeFiles/cmTC_d8221.dir/CMakeCCompilerABI.c.o /tmp/ccSKwL3C.s
GNU assembler version 2.30 (x86_64-unknown-linux-gnu) using BFD version (GNU Binutils) 2.30
COMPILER_PATH=/cvmfs/cms.cern.ch/slc7_amd64_gcc700/external/gcc/7.0.0-omkpbe2/bin/../libexec/gcc/x86_64-unknown-linux-gnu/7.3.1/:/cvmfs/cms.cern.ch/slc7_amd64_gcc700/external/gcc/7.0.0-omkpbe2/bin/../libexec/gcc/:/cvmfs/cms.cern.ch/slc7_amd64_gcc700/external/gcc/7.0.0-omkpbe2/bin/../lib/gcc/x86_64-unknown-linux-gnu/7.3.1/../../../../x86_64-unknown-linux-gnu/bin/
LIBRARY_PATH=/cvmfs/cms.cern.ch/slc7_amd64_gcc700/external/gcc/7.0.0-omkpbe2/bin/../lib/gcc/x86_64-unknown-linux-gnu/7.3.1/:/cvmfs/cms.cern.ch/slc7_amd64_gcc700/external/gcc/7.0.0-omkpbe2/bin/../lib/gcc/:/cvmfs/cms.cern.ch/slc7_amd64_gcc700/external/gcc/7.0.0-omkpbe2/bin/../lib/gcc/x86_64-unknown-linux-gnu/7.3.1/../../../../lib64/:/lib/../lib64/:/usr/lib/../lib64/:/cvmfs/cms.cern.ch/slc7_amd64_gcc700/external/gcc/7.0.0-omkpbe2/bin/../lib/gcc/x86_64-unknown-linux-gnu/7.3.1/../../../../x86_64-unknown-linux-gnu/lib/:/cvmfs/cms.cern.ch/slc7_amd64_gcc700/external/gcc/7.0.0-omkpbe2/bin/../lib/gcc/x86_64-unknown-linux-gnu/7.3.1/../../../:/lib/:/usr/lib/
COLLECT_GCC_OPTIONS='-v' '-o' 'CMakeFiles/cmTC_d8221.dir/CMakeCCompilerABI.c.o' '-c' '-mtune=generic' '-march=x86-64'
Linking C executable cmTC_d8221
/usr/bin/cmake3 -E cmake_link_script CMakeFiles/cmTC_d8221.dir/link.txt --verbose=1
/cvmfs/cms.cern.ch/slc7_amd64_gcc700/external/gcc/7.0.0-omkpbe2/bin/cc     -v -rdynamic CMakeFiles/cmTC_d8221.dir/CMakeCCompilerABI.c.o  -o cmTC_d8221 
Using built-in specs.
COLLECT_GCC=/cvmfs/cms.cern.ch/slc7_amd64_gcc700/external/gcc/7.0.0-omkpbe2/bin/cc
COLLECT_LTO_WRAPPER=/cvmfs/cms.cern.ch/slc7_amd64_gcc700/external/gcc/7.0.0-omkpbe2/bin/../libexec/gcc/x86_64-unknown-linux-gnu/7.3.1/lto-wrapper
Target: x86_64-unknown-linux-gnu
Configured with: ../configure --prefix=/build/cmsbld/auto-builds/CMSSW_10_1_0_pre2-slc7_amd64_gcc700/build/CMSSW_10_1_0_pre2-build/tmp/BUILDROOT/8ed230187c2a06a277ca03ddf192b0cd/opt/cmssw/slc7_amd64_gcc700/external/gcc/7.0.0-omkpbe2 --disable-multilib --disable-nls --disable-dssi --enable-languages=c,c++,fortran --enable-gnu-indirect-function --enable-__cxa_atexit --disable-libunwind-exceptions --enable-gnu-unique-object --enable-plugin --with-linker-hash-style=gnu --enable-linker-build-id --enable-ld=default --enable-lto --enable-gold=yes --with-gmp=/build/cmsbld/auto-builds/CMSSW_10_1_0_pre2-slc7_amd64_gcc700/build/CMSSW_10_1_0_pre2-build/tmp/BUILDROOT/8ed230187c2a06a277ca03ddf192b0cd/opt/cmssw/slc7_amd64_gcc700/external/gcc/7.0.0-omkpbe2 --with-mpfr=/build/cmsbld/auto-builds/CMSSW_10_1_0_pre2-slc7_amd64_gcc700/build/CMSSW_10_1_0_pre2-build/tmp/BUILDROOT/8ed230187c2a06a277ca03ddf192b0cd/opt/cmssw/slc7_amd64_gcc700/external/gcc/7.0.0-omkpbe2 --enable-bootstrap --with-mpc=/build/cmsbld/auto-builds/CMSSW_10_1_0_pre2-slc7_amd64_gcc700/build/CMSSW_10_1_0_pre2-build/tmp/BUILDROOT/8ed230187c2a06a277ca03ddf192b0cd/opt/cmssw/slc7_amd64_gcc700/external/gcc/7.0.0-omkpbe2 --with-isl=/build/cmsbld/auto-builds/CMSSW_10_1_0_pre2-slc7_amd64_gcc700/build/CMSSW_10_1_0_pre2-build/tmp/BUILDROOT/8ed230187c2a06a277ca03ddf192b0cd/opt/cmssw/slc7_amd64_gcc700/external/gcc/7.0.0-omkpbe2 --enable-checking=release --build=x86_64-unknown-linux-gnu --host=x86_64-unknown-linux-gnu --enable-libstdcxx-time=rt --enable-shared --disable-libgcj CC='gcc -fPIC' CXX='c++ -fPIC' CPP=cpp CXXCPP='c++ -E' CFLAGS=-I/build/cmsbld/auto-builds/CMSSW_10_1_0_pre2-slc7_amd64_gcc700/build/CMSSW_10_1_0_pre2-build/tmp/BUILDROOT/8ed230187c2a06a277ca03ddf192b0cd/opt/cmssw/slc7_amd64_gcc700/external/gcc/7.0.0-omkpbe2/tmp/sw/include CXXFLAGS=-I/build/cmsbld/auto-builds/CMSSW_10_1_0_pre2-slc7_amd64_gcc700/build/CMSSW_10_1_0_pre2-build/tmp/BUILDROOT/8ed230187c2a06a277ca03ddf192b0cd/opt/cmssw/slc7_amd64_gcc700/external/gcc/7.0.0-omkpbe2/tmp/sw/include LDFLAGS=-L/build/cmsbld/auto-builds/CMSSW_10_1_0_pre2-slc7_amd64_gcc700/build/CMSSW_10_1_0_pre2-build/tmp/BUILDROOT/8ed230187c2a06a277ca03ddf192b0cd/opt/cmssw/slc7_amd64_gcc700/external/gcc/7.0.0-omkpbe2/tmp/sw/lib
Thread model: posix
gcc version 7.3.1 20180127 (GCC) 
COMPILER_PATH=/cvmfs/cms.cern.ch/slc7_amd64_gcc700/external/gcc/7.0.0-omkpbe2/bin/../libexec/gcc/x86_64-unknown-linux-gnu/7.3.1/:/cvmfs/cms.cern.ch/slc7_amd64_gcc700/external/gcc/7.0.0-omkpbe2/bin/../libexec/gcc/:/cvmfs/cms.cern.ch/slc7_amd64_gcc700/external/gcc/7.0.0-omkpbe2/bin/../lib/gcc/x86_64-unknown-linux-gnu/7.3.1/../../../../x86_64-unknown-linux-gnu/bin/
LIBRARY_PATH=/cvmfs/cms.cern.ch/slc7_amd64_gcc700/external/gcc/7.0.0-omkpbe2/bin/../lib/gcc/x86_64-unknown-linux-gnu/7.3.1/:/cvmfs/cms.cern.ch/slc7_amd64_gcc700/external/gcc/7.0.0-omkpbe2/bin/../lib/gcc/:/cvmfs/cms.cern.ch/slc7_amd64_gcc700/external/gcc/7.0.0-omkpbe2/bin/../lib/gcc/x86_64-unknown-linux-gnu/7.3.1/../../../../lib64/:/lib/../lib64/:/usr/lib/../lib64/:/cvmfs/cms.cern.ch/slc7_amd64_gcc700/external/gcc/7.0.0-omkpbe2/bin/../lib/gcc/x86_64-unknown-linux-gnu/7.3.1/../../../../x86_64-unknown-linux-gnu/lib/:/cvmfs/cms.cern.ch/slc7_amd64_gcc700/external/gcc/7.0.0-omkpbe2/bin/../lib/gcc/x86_64-unknown-linux-gnu/7.3.1/../../../:/lib/:/usr/lib/
COLLECT_GCC_OPTIONS='-v' '-rdynamic' '-o' 'cmTC_d8221' '-mtune=generic' '-march=x86-64'
 /cvmfs/cms.cern.ch/slc7_amd64_gcc700/external/gcc/7.0.0-omkpbe2/bin/../libexec/gcc/x86_64-unknown-linux-gnu/7.3.1/collect2 -plugin /cvmfs/cms.cern.ch/slc7_amd64_gcc700/external/gcc/7.0.0-omkpbe2/bin/../libexec/gcc/x86_64-unknown-linux-gnu/7.3.1/liblto_plugin.so -plugin-opt=/cvmfs/cms.cern.ch/slc7_amd64_gcc700/external/gcc/7.0.0-omkpbe2/bin/../libexec/gcc/x86_64-unknown-linux-gnu/7.3.1/lto-wrapper -plugin-opt=-fresolution=/tmp/cccQfUGE.res -plugin-opt=-pass-through=-lgcc -plugin-opt=-pass-through=-lgcc_s -plugin-opt=-pass-through=-lc -plugin-opt=-pass-through=-lgcc -plugin-opt=-pass-through=-lgcc_s --build-id --eh-frame-hdr --hash-style=gnu -m elf_x86_64 -export-dynamic -dynamic-linker /lib64/ld-linux-x86-64.so.2 -z common-page-size=4096 -z max-page-size=4096 -o cmTC_d8221 /lib/../lib64/crt1.o /lib/../lib64/crti.o /cvmfs/cms.cern.ch/slc7_amd64_gcc700/external/gcc/7.0.0-omkpbe2/bin/../lib/gcc/x86_64-unknown-linux-gnu/7.3.1/crtbegin.o -L/cvmfs/cms.cern.ch/slc7_amd64_gcc700/external/gcc/7.0.0-omkpbe2/bin/../lib/gcc/x86_64-unknown-linux-gnu/7.3.1 -L/cvmfs/cms.cern.ch/slc7_amd64_gcc700/external/gcc/7.0.0-omkpbe2/bin/../lib/gcc -L/cvmfs/cms.cern.ch/slc7_amd64_gcc700/external/gcc/7.0.0-omkpbe2/bin/../lib/gcc/x86_64-unknown-linux-gnu/7.3.1/../../../../lib64 -L/lib/../lib64 -L/usr/lib/../lib64 -L/cvmfs/cms.cern.ch/slc7_amd64_gcc700/external/gcc/7.0.0-omkpbe2/bin/../lib/gcc/x86_64-unknown-linux-gnu/7.3.1/../../../../x86_64-unknown-linux-gnu/lib -L/cvmfs/cms.cern.ch/slc7_amd64_gcc700/external/gcc/7.0.0-omkpbe2/bin/../lib/gcc/x86_64-unknown-linux-gnu/7.3.1/../../.. CMakeFiles/cmTC_d8221.dir/CMakeCCompilerABI.c.o -lgcc --as-needed -lgcc_s --no-as-needed -lc -lgcc --as-needed -lgcc_s --no-as-needed /cvmfs/cms.cern.ch/slc7_amd64_gcc700/external/gcc/7.0.0-omkpbe2/bin/../lib/gcc/x86_64-unknown-linux-gnu/7.3.1/crtend.o /lib/../lib64/crtn.o
COLLECT_GCC_OPTIONS='-v' '-rdynamic' '-o' 'cmTC_d8221' '-mtune=generic' '-march=x86-64'
gmake[1]: Leaving directory '/uscms_data/d3/agrummer/DiHiggs_v2/CMSSW_10_2_5/src/bbbbAnalysis/tempyaml/build/CMakeFiles/CMakeTmp'



Parsed C implicit include dir info from above output: rv=done
  found start of include info
  found start of implicit include info
    add: [.]
    add: [/cvmfs/sft.cern.ch/lcg/views/LCG_89/x86_64-slc6-gcc62-opt/include]
    add: [/uscms/homes/a/agrummer/nobackup/DiHiggs_v2/CMSSW_10_2_5/src/bbbbAnalysis/../]
    add: [/cvmfs/cms.cern.ch/slc7_amd64_gcc700/external/gcc/7.0.0-omkpbe2/bin/../lib/gcc/x86_64-unknown-linux-gnu/7.3.1/include]
    add: [/cvmfs/cms.cern.ch/slc7_amd64_gcc700/external/gcc/7.0.0-omkpbe2/bin/../lib/gcc/x86_64-unknown-linux-gnu/7.3.1/include-fixed]
    add: [/usr/local/include]
    add: [/cvmfs/cms.cern.ch/slc7_amd64_gcc700/external/gcc/7.0.0-omkpbe2/bin/../lib/gcc/../../include]
    add: [/usr/include]
  end of search list found
  skipping relative include dir [.]
  collapse include dir [/cvmfs/sft.cern.ch/lcg/views/LCG_89/x86_64-slc6-gcc62-opt/include] ==> [/cvmfs/sft.cern.ch/lcg/views/LCG_89/x86_64-slc6-gcc62-opt/include]
  collapse include dir [/uscms/homes/a/agrummer/nobackup/DiHiggs_v2/CMSSW_10_2_5/src/bbbbAnalysis/../] ==> [/uscms/homes/a/agrummer/nobackup/DiHiggs_v2/CMSSW_10_2_5/src]
  collapse include dir [/cvmfs/cms.cern.ch/slc7_amd64_gcc700/external/gcc/7.0.0-omkpbe2/bin/../lib/gcc/x86_64-unknown-linux-gnu/7.3.1/include] ==> [/cvmfs/cms.cern.ch/slc7_amd64_gcc700/external/gcc/7.0.0-omkpbe2/lib/gcc/x86_64-unknown-linux-gnu/7.3.1/include]
  collapse include dir [/cvmfs/cms.cern.ch/slc7_amd64_gcc700/external/gcc/7.0.0-omkpbe2/bin/../lib/gcc/x86_64-unknown-linux-gnu/7.3.1/include-fixed] ==> [/cvmfs/cms.cern.ch/slc7_amd64_gcc700/external/gcc/7.0.0-omkpbe2/lib/gcc/x86_64-unknown-linux-gnu/7.3.1/include-fixed]
  collapse include dir [/usr/local/include] ==> [/usr/local/include]
  collapse include dir [/cvmfs/cms.cern.ch/slc7_amd64_gcc700/external/gcc/7.0.0-omkpbe2/bin/../lib/gcc/../../include] ==> [/cvmfs/cms.cern.ch/slc7_amd64_gcc700/external/gcc/7.0.0-omkpbe2/include]
  collapse include dir [/usr/include] ==> [/usr/include]
  implicit include dirs: [/cvmfs/sft.cern.ch/lcg/views/LCG_89/x86_64-slc6-gcc62-opt/include;/uscms/homes/a/agrummer/nobackup/DiHiggs_v2/CMSSW_10_2_5/src;/cvmfs/cms.cern.ch/slc7_amd64_gcc700/external/gcc/7.0.0-omkpbe2/lib/gcc/x86_64-unknown-linux-gnu/7.3.1/include;/cvmfs/cms.cern.ch/slc7_amd64_gcc700/external/gcc/7.0.0-omkpbe2/lib/gcc/x86_64-unknown-linux-gnu/7.3.1/include-fixed;/usr/local/include;/cvmfs/cms.cern.ch/slc7_amd64_gcc700/external/gcc/7.0.0-omkpbe2/include;/usr/include]


Parsed C implicit link information from above output:
  link line regex: [^( *|.*[/\])(ld|CMAKE_LINK_STARTFILE-NOTFOUND|([^/\]+-)?ld|collect2)[^/\]*( |$)]
  ignore line: [Change Dir: /uscms/home/agrummer/nobackup/DiHiggs_v2/CMSSW_10_2_5/src/bbbbAnalysis/tempyaml/build/CMakeFiles/CMakeTmp]
  ignore line: []
  ignore line: [Run Build Command(s):/cvmfs/cms.cern.ch/slc7_amd64_gcc700/cms/cmssw/CMSSW_10_2_5/external/slc7_amd64_gcc700/bin/gmake cmTC_d8221/fast && /cvmfs/cms.cern.ch/slc7_amd64_gcc700/cms/cmssw/CMSSW_10_2_5/external/slc7_amd64_gcc700/bin/gmake  -f CMakeFiles/cmTC_d8221.dir/build.make CMakeFiles/cmTC_d8221.dir/build]
  ignore line: [gmake[1]: Entering directory '/uscms_data/d3/agrummer/DiHiggs_v2/CMSSW_10_2_5/src/bbbbAnalysis/tempyaml/build/CMakeFiles/CMakeTmp']
  ignore line: [Building C object CMakeFiles/cmTC_d8221.dir/CMakeCCompilerABI.c.o]
  ignore line: [/cvmfs/cms.cern.ch/slc7_amd64_gcc700/external/gcc/7.0.0-omkpbe2/bin/cc   -v -o CMakeFiles/cmTC_d8221.dir/CMakeCCompilerABI.c.o   -c /usr/share/cmake3/Modules/CMakeCCompilerABI.c]
  ignore line: [Using built-in specs.]
  ignore line: [COLLECT_GCC=/cvmfs/cms.cern.ch/slc7_amd64_gcc700/external/gcc/7.0.0-omkpbe2/bin/cc]
  ignore line: [Target: x86_64-unknown-linux-gnu]
  ignore line: [Configured with: ../configure --prefix=/build/cmsbld/auto-builds/CMSSW_10_1_0_pre2-slc7_amd64_gcc700/build/CMSSW_10_1_0_pre2-build/tmp/BUILDROOT/8ed230187c2a06a277ca03ddf192b0cd/opt/cmssw/slc7_amd64_gcc700/external/gcc/7.0.0-omkpbe2 --disable-multilib --disable-nls --disable-dssi --enable-languages=c,c++,fortran --enable-gnu-indirect-function --enable-__cxa_atexit --disable-libunwind-exceptions --enable-gnu-unique-object --enable-plugin --with-linker-hash-style=gnu --enable-linker-build-id --enable-ld=default --enable-lto --enable-gold=yes --with-gmp=/build/cmsbld/auto-builds/CMSSW_10_1_0_pre2-slc7_amd64_gcc700/build/CMSSW_10_1_0_pre2-build/tmp/BUILDROOT/8ed230187c2a06a277ca03ddf192b0cd/opt/cmssw/slc7_amd64_gcc700/external/gcc/7.0.0-omkpbe2 --with-mpfr=/build/cmsbld/auto-builds/CMSSW_10_1_0_pre2-slc7_amd64_gcc700/build/CMSSW_10_1_0_pre2-build/tmp/BUILDROOT/8ed230187c2a06a277ca03ddf192b0cd/opt/cmssw/slc7_amd64_gcc700/external/gcc/7.0.0-omkpbe2 --enable-bootstrap --with-mpc=/build/cmsbld/auto-builds/CMSSW_10_1_0_pre2-slc7_amd64_gcc700/build/CMSSW_10_1_0_pre2-build/tmp/BUILDROOT/8ed230187c2a06a277ca03ddf192b0cd/opt/cmssw/slc7_amd64_gcc700/external/gcc/7.0.0-omkpbe2 --with-isl=/build/cmsbld/auto-builds/CMSSW_10_1_0_pre2-slc7_amd64_gcc700/build/CMSSW_10_1_0_pre2-build/tmp/BUILDROOT/8ed230187c2a06a277ca03ddf192b0cd/opt/cmssw/slc7_amd64_gcc700/external/gcc/7.0.0-omkpbe2 --enable-checking=release --build=x86_64-unknown-linux-gnu --host=x86_64-unknown-linux-gnu --enable-libstdcxx-time=rt --enable-shared --disable-libgcj CC='gcc -fPIC' CXX='c++ -fPIC' CPP=cpp CXXCPP='c++ -E' CFLAGS=-I/build/cmsbld/auto-builds/CMSSW_10_1_0_pre2-slc7_amd64_gcc700/build/CMSSW_10_1_0_pre2-build/tmp/BUILDROOT/8ed230187c2a06a277ca03ddf192b0cd/opt/cmssw/slc7_amd64_gcc700/external/gcc/7.0.0-omkpbe2/tmp/sw/include CXXFLAGS=-I/build/cmsbld/auto-builds/CMSSW_10_1_0_pre2-slc7_amd64_gcc700/build/CMSSW_10_1_0_pre2-build/tmp/BUILDROOT/8ed230187c2a06a277ca03ddf192b0cd/opt/cmssw/slc7_amd64_gcc700/external/gcc/7.0.0-omkpbe2/tmp/sw/include LDFLAGS=-L/build/cmsbld/auto-builds/CMSSW_10_1_0_pre2-slc7_amd64_gcc700/build/CMSSW_10_1_0_pre2-build/tmp/BUILDROOT/8ed230187c2a06a277ca03ddf192b0cd/opt/cmssw/slc7_amd64_gcc700/external/gcc/7.0.0-omkpbe2/tmp/sw/lib]
  ignore line: [Thread model: posix]
  ignore line: [gcc version 7.3.1 20180127 (GCC) ]
  ignore line: [COLLECT_GCC_OPTIONS='-v' '-o' 'CMakeFiles/cmTC_d8221.dir/CMakeCCompilerABI.c.o' '-c' '-mtune=generic' '-march=x86-64']
  ignore line: [ /cvmfs/cms.cern.ch/slc7_amd64_gcc700/external/gcc/7.0.0-omkpbe2/bin/../libexec/gcc/x86_64-unknown-linux-gnu/7.3.1/cc1 -quiet -v -iprefix /cvmfs/cms.cern.ch/slc7_amd64_gcc700/external/gcc/7.0.0-omkpbe2/bin/../lib/gcc/x86_64-unknown-linux-gnu/7.3.1/ /usr/share/cmake3/Modules/CMakeCCompilerABI.c -quiet -dumpbase CMakeCCompilerABI.c -mtune=generic -march=x86-64 -auxbase-strip CMakeFiles/cmTC_d8221.dir/CMakeCCompilerABI.c.o -version -o /tmp/ccSKwL3C.s]
  ignore line: [GNU C11 (GCC) version 7.3.1 20180127 (x86_64-unknown-linux-gnu)]
  ignore line: [	compiled by GNU C version 7.3.1 20180127  GMP version 6.1.2  MPFR version 3.1.6  MPC version 1.0.3  isl version isl-0.16.1-GMP]
  ignore line: []
  ignore line: [GGC heuristics: --param ggc-min-expand=100 --param ggc-min-heapsize=131072]
  ignore line: [ignoring nonexistent directory "/cvmfs/cms.cern.ch/slc7_amd64_gcc700/external/gcc/7.0.0-omkpbe2/bin/../lib/gcc/x86_64-unknown-linux-gnu/7.3.1/../../../../x86_64-unknown-linux-gnu/include"]
  ignore line: [ignoring duplicate directory "/cvmfs/cms.cern.ch/slc7_amd64_gcc700/external/gcc/7.0.0-omkpbe2/bin/../lib/gcc/../../lib/gcc/x86_64-unknown-linux-gnu/7.3.1/include"]
  ignore line: [ignoring duplicate directory "/cvmfs/cms.cern.ch/slc7_amd64_gcc700/external/gcc/7.0.0-omkpbe2/bin/../lib/gcc/../../lib/gcc/x86_64-unknown-linux-gnu/7.3.1/include-fixed"]
  ignore line: [ignoring nonexistent directory "/cvmfs/cms.cern.ch/slc7_amd64_gcc700/external/gcc/7.0.0-omkpbe2/bin/../lib/gcc/../../lib/gcc/x86_64-unknown-linux-gnu/7.3.1/../../../../x86_64-unknown-linux-gnu/include"]
  ignore line: [#include "..." search starts here:]
  ignore line: [#include <...> search starts here:]
  ignore line: [ .]
  ignore line: [ /cvmfs/sft.cern.ch/lcg/views/LCG_89/x86_64-slc6-gcc62-opt/include]
  ignore line: [ /uscms/homes/a/agrummer/nobackup/DiHiggs_v2/CMSSW_10_2_5/src/bbbbAnalysis/../]
  ignore line: [ /cvmfs/cms.cern.ch/slc7_amd64_gcc700/external/gcc/7.0.0-omkpbe2/bin/../lib/gcc/x86_64-unknown-linux-gnu/7.3.1/include]
  ignore line: [ /cvmfs/cms.cern.ch/slc7_amd64_gcc700/external/gcc/7.0.0-omkpbe2/bin/../lib/gcc/x86_64-unknown-linux-gnu/7.3.1/include-fixed]
  ignore line: [ /usr/local/include]
  ignore line: [ /cvmfs/cms.cern.ch/slc7_amd64_gcc700/external/gcc/7.0.0-omkpbe2/bin/../lib/gcc/../../include]
  ignore line: [ /usr/include]
  ignore line: [End of search list.]
  ignore line: [GNU C11 (GCC) version 7.3.1 20180127 (x86_64-unknown-linux-gnu)]
  ignore line: [	compiled by GNU C version 7.3.1 20180127  GMP version 6.1.2  MPFR version 3.1.6  MPC version 1.0.3  isl version isl-0.16.1-GMP]
  ignore line: []
  ignore line: [GGC heuristics: --param ggc-min-expand=100 --param ggc-min-heapsize=131072]
  ignore line: [Compiler executable checksum: 203d98044342037678c1ff10a4a85649]
  ignore line: [COLLECT_GCC_OPTIONS='-v' '-o' 'CMakeFiles/cmTC_d8221.dir/CMakeCCompilerABI.c.o' '-c' '-mtune=generic' '-march=x86-64']
  ignore line: [ /cvmfs/cms.cern.ch/slc7_amd64_gcc700/external/gcc/7.0.0-omkpbe2/bin/../lib/gcc/x86_64-unknown-linux-gnu/7.3.1/../../../../x86_64-unknown-linux-gnu/bin/as -v --64 -o CMakeFiles/cmTC_d8221.dir/CMakeCCompilerABI.c.o /tmp/ccSKwL3C.s]
  ignore line: [GNU assembler version 2.30 (x86_64-unknown-linux-gnu) using BFD version (GNU Binutils) 2.30]
  ignore line: [COMPILER_PATH=/cvmfs/cms.cern.ch/slc7_amd64_gcc700/external/gcc/7.0.0-omkpbe2/bin/../libexec/gcc/x86_64-unknown-linux-gnu/7.3.1/:/cvmfs/cms.cern.ch/slc7_amd64_gcc700/external/gcc/7.0.0-omkpbe2/bin/../libexec/gcc/:/cvmfs/cms.cern.ch/slc7_amd64_gcc700/external/gcc/7.0.0-omkpbe2/bin/../lib/gcc/x86_64-unknown-linux-gnu/7.3.1/../../../../x86_64-unknown-linux-gnu/bin/]
  ignore line: [LIBRARY_PATH=/cvmfs/cms.cern.ch/slc7_amd64_gcc700/external/gcc/7.0.0-omkpbe2/bin/../lib/gcc/x86_64-unknown-linux-gnu/7.3.1/:/cvmfs/cms.cern.ch/slc7_amd64_gcc700/external/gcc/7.0.0-omkpbe2/bin/../lib/gcc/:/cvmfs/cms.cern.ch/slc7_amd64_gcc700/external/gcc/7.0.0-omkpbe2/bin/../lib/gcc/x86_64-unknown-linux-gnu/7.3.1/../../../../lib64/:/lib/../lib64/:/usr/lib/../lib64/:/cvmfs/cms.cern.ch/slc7_amd64_gcc700/external/gcc/7.0.0-omkpbe2/bin/../lib/gcc/x86_64-unknown-linux-gnu/7.3.1/../../../../x86_64-unknown-linux-gnu/lib/:/cvmfs/cms.cern.ch/slc7_amd64_gcc700/external/gcc/7.0.0-omkpbe2/bin/../lib/gcc/x86_64-unknown-linux-gnu/7.3.1/../../../:/lib/:/usr/lib/]
  ignore line: [COLLECT_GCC_OPTIONS='-v' '-o' 'CMakeFiles/cmTC_d8221.dir/CMakeCCompilerABI.c.o' '-c' '-mtune=generic' '-march=x86-64']
  ignore line: [Linking C executable cmTC_d8221]
  ignore line: [/usr/bin/cmake3 -E cmake_link_script CMakeFiles/cmTC_d8221.dir/link.txt --verbose=1]
  ignore line: [/cvmfs/cms.cern.ch/slc7_amd64_gcc700/external/gcc/7.0.0-omkpbe2/bin/cc     -v -rdynamic CMakeFiles/cmTC_d8221.dir/CMakeCCompilerABI.c.o  -o cmTC_d8221 ]
  ignore line: [Using built-in specs.]
  ignore line: [COLLECT_GCC=/cvmfs/cms.cern.ch/slc7_amd64_gcc700/external/gcc/7.0.0-omkpbe2/bin/cc]
  ignore line: [COLLECT_LTO_WRAPPER=/cvmfs/cms.cern.ch/slc7_amd64_gcc700/external/gcc/7.0.0-omkpbe2/bin/../libexec/gcc/x86_64-unknown-linux-gnu/7.3.1/lto-wrapper]
  ignore line: [Target: x86_64-unknown-linux-gnu]
  ignore line: [Configured with: ../configure --prefix=/build/cmsbld/auto-builds/CMSSW_10_1_0_pre2-slc7_amd64_gcc700/build/CMSSW_10_1_0_pre2-build/tmp/BUILDROOT/8ed230187c2a06a277ca03ddf192b0cd/opt/cmssw/slc7_amd64_gcc700/external/gcc/7.0.0-omkpbe2 --disable-multilib --disable-nls --disable-dssi --enable-languages=c,c++,fortran --enable-gnu-indirect-function --enable-__cxa_atexit --disable-libunwind-exceptions --enable-gnu-unique-object --enable-plugin --with-linker-hash-style=gnu --enable-linker-build-id --enable-ld=default --enable-lto --enable-gold=yes --with-gmp=/build/cmsbld/auto-builds/CMSSW_10_1_0_pre2-slc7_amd64_gcc700/build/CMSSW_10_1_0_pre2-build/tmp/BUILDROOT/8ed230187c2a06a277ca03ddf192b0cd/opt/cmssw/slc7_amd64_gcc700/external/gcc/7.0.0-omkpbe2 --with-mpfr=/build/cmsbld/auto-builds/CMSSW_10_1_0_pre2-slc7_amd64_gcc700/build/CMSSW_10_1_0_pre2-build/tmp/BUILDROOT/8ed230187c2a06a277ca03ddf192b0cd/opt/cmssw/slc7_amd64_gcc700/external/gcc/7.0.0-omkpbe2 --enable-bootstrap --with-mpc=/build/cmsbld/auto-builds/CMSSW_10_1_0_pre2-slc7_amd64_gcc700/build/CMSSW_10_1_0_pre2-build/tmp/BUILDROOT/8ed230187c2a06a277ca03ddf192b0cd/opt/cmssw/slc7_amd64_gcc700/external/gcc/7.0.0-omkpbe2 --with-isl=/build/cmsbld/auto-builds/CMSSW_10_1_0_pre2-slc7_amd64_gcc700/build/CMSSW_10_1_0_pre2-build/tmp/BUILDROOT/8ed230187c2a06a277ca03ddf192b0cd/opt/cmssw/slc7_amd64_gcc700/external/gcc/7.0.0-omkpbe2 --enable-checking=release --build=x86_64-unknown-linux-gnu --host=x86_64-unknown-linux-gnu --enable-libstdcxx-time=rt --enable-shared --disable-libgcj CC='gcc -fPIC' CXX='c++ -fPIC' CPP=cpp CXXCPP='c++ -E' CFLAGS=-I/build/cmsbld/auto-builds/CMSSW_10_1_0_pre2-slc7_amd64_gcc700/build/CMSSW_10_1_0_pre2-build/tmp/BUILDROOT/8ed230187c2a06a277ca03ddf192b0cd/opt/cmssw/slc7_amd64_gcc700/external/gcc/7.0.0-omkpbe2/tmp/sw/include CXXFLAGS=-I/build/cmsbld/auto-builds/CMSSW_10_1_0_pre2-slc7_amd64_gcc700/build/CMSSW_10_1_0_pre2-build/tmp/BUILDROOT/8ed230187c2a06a277ca03ddf192b0cd/opt/cmssw/slc7_amd64_gcc700/external/gcc/7.0.0-omkpbe2/tmp/sw/include LDFLAGS=-L/build/cmsbld/auto-builds/CMSSW_10_1_0_pre2-slc7_amd64_gcc700/build/CMSSW_10_1_0_pre2-build/tmp/BUILDROOT/8ed230187c2a06a277ca03ddf192b0cd/opt/cmssw/slc7_amd64_gcc700/external/gcc/7.0.0-omkpbe2/tmp/sw/lib]
  ignore line: [Thread model: posix]
  ignore line: [gcc version 7.3.1 20180127 (GCC) ]
  ignore line: [COMPILER_PATH=/cvmfs/cms.cern.ch/slc7_amd64_gcc700/external/gcc/7.0.0-omkpbe2/bin/../libexec/gcc/x86_64-unknown-linux-gnu/7.3.1/:/cvmfs/cms.cern.ch/slc7_amd64_gcc700/external/gcc/7.0.0-omkpbe2/bin/../libexec/gcc/:/cvmfs/cms.cern.ch/slc7_amd64_gcc700/external/gcc/7.0.0-omkpbe2/bin/../lib/gcc/x86_64-unknown-linux-gnu/7.3.1/../../../../x86_64-unknown-linux-gnu/bin/]
  ignore line: [LIBRARY_PATH=/cvmfs/cms.cern.ch/slc7_amd64_gcc700/external/gcc/7.0.0-omkpbe2/bin/../lib/gcc/x86_64-unknown-linux-gnu/7.3.1/:/cvmfs/cms.cern.ch/slc7_amd64_gcc700/external/gcc/7.0.0-omkpbe2/bin/../lib/gcc/:/cvmfs/cms.cern.ch/slc7_amd64_gcc700/external/gcc/7.0.0-omkpbe2/bin/../lib/gcc/x86_64-unknown-linux-gnu/7.3.1/../../../../lib64/:/lib/../lib64/:/usr/lib/../lib64/:/cvmfs/cms.cern.ch/slc7_amd64_gcc700/external/gcc/7.0.0-omkpbe2/bin/../lib/gcc/x86_64-unknown-linux-gnu/7.3.1/../../../../x86_64-unknown-linux-gnu/lib/:/cvmfs/cms.cern.ch/slc7_amd64_gcc700/external/gcc/7.0.0-omkpbe2/bin/../lib/gcc/x86_64-unknown-linux-gnu/7.3.1/../../../:/lib/:/usr/lib/]
  ignore line: [COLLECT_GCC_OPTIONS='-v' '-rdynamic' '-o' 'cmTC_d8221' '-mtune=generic' '-march=x86-64']
  link line: [ /cvmfs/cms.cern.ch/slc7_amd64_gcc700/external/gcc/7.0.0-omkpbe2/bin/../libexec/gcc/x86_64-unknown-linux-gnu/7.3.1/collect2 -plugin /cvmfs/cms.cern.ch/slc7_amd64_gcc700/external/gcc/7.0.0-omkpbe2/bin/../libexec/gcc/x86_64-unknown-linux-gnu/7.3.1/liblto_plugin.so -plugin-opt=/cvmfs/cms.cern.ch/slc7_amd64_gcc700/external/gcc/7.0.0-omkpbe2/bin/../libexec/gcc/x86_64-unknown-linux-gnu/7.3.1/lto-wrapper -plugin-opt=-fresolution=/tmp/cccQfUGE.res -plugin-opt=-pass-through=-lgcc -plugin-opt=-pass-through=-lgcc_s -plugin-opt=-pass-through=-lc -plugin-opt=-pass-through=-lgcc -plugin-opt=-pass-through=-lgcc_s --build-id --eh-frame-hdr --hash-style=gnu -m elf_x86_64 -export-dynamic -dynamic-linker /lib64/ld-linux-x86-64.so.2 -z common-page-size=4096 -z max-page-size=4096 -o cmTC_d8221 /lib/../lib64/crt1.o /lib/../lib64/crti.o /cvmfs/cms.cern.ch/slc7_amd64_gcc700/external/gcc/7.0.0-omkpbe2/bin/../lib/gcc/x86_64-unknown-linux-gnu/7.3.1/crtbegin.o -L/cvmfs/cms.cern.ch/slc7_amd64_gcc700/external/gcc/7.0.0-omkpbe2/bin/../lib/gcc/x86_64-unknown-linux-gnu/7.3.1 -L/cvmfs/cms.cern.ch/slc7_amd64_gcc700/external/gcc/7.0.0-omkpbe2/bin/../lib/gcc -L/cvmfs/cms.cern.ch/slc7_amd64_gcc700/external/gcc/7.0.0-omkpbe2/bin/../lib/gcc/x86_64-unknown-linux-gnu/7.3.1/../../../../lib64 -L/lib/../lib64 -L/usr/lib/../lib64 -L/cvmfs/cms.cern.ch/slc7_amd64_gcc700/external/gcc/7.0.0-omkpbe2/bin/../lib/gcc/x86_64-unknown-linux-gnu/7.3.1/../../../../x86_64-unknown-linux-gnu/lib -L/cvmfs/cms.cern.ch/slc7_amd64_gcc700/external/gcc/7.0.0-omkpbe2/bin/../lib/gcc/x86_64-unknown-linux-gnu/7.3.1/../../.. CMakeFiles/cmTC_d8221.dir/CMakeCCompilerABI.c.o -lgcc --as-needed -lgcc_s --no-as-needed -lc -lgcc --as-needed -lgcc_s --no-as-needed /cvmfs/cms.cern.ch/slc7_amd64_gcc700/external/gcc/7.0.0-omkpbe2/bin/../lib/gcc/x86_64-unknown-linux-gnu/7.3.1/crtend.o /lib/../lib64/crtn.o]
    arg [/cvmfs/cms.cern.ch/slc7_amd64_gcc700/external/gcc/7.0.0-omkpbe2/bin/../libexec/gcc/x86_64-unknown-linux-gnu/7.3.1/collect2] ==> ignore
    arg [-plugin] ==> ignore
    arg [/cvmfs/cms.cern.ch/slc7_amd64_gcc700/external/gcc/7.0.0-omkpbe2/bin/../libexec/gcc/x86_64-unknown-linux-gnu/7.3.1/liblto_plugin.so] ==> ignore
    arg [-plugin-opt=/cvmfs/cms.cern.ch/slc7_amd64_gcc700/external/gcc/7.0.0-omkpbe2/bin/../libexec/gcc/x86_64-unknown-linux-gnu/7.3.1/lto-wrapper] ==> ignore
    arg [-plugin-opt=-fresolution=/tmp/cccQfUGE.res] ==> ignore
    arg [-plugin-opt=-pass-through=-lgcc] ==> ignore
    arg [-plugin-opt=-pass-through=-lgcc_s] ==> ignore
    arg [-plugin-opt=-pass-through=-lc] ==> ignore
    arg [-plugin-opt=-pass-through=-lgcc] ==> ignore
    arg [-plugin-opt=-pass-through=-lgcc_s] ==> ignore
    arg [--build-id] ==> ignore
    arg [--eh-frame-hdr] ==> ignore
    arg [--hash-style=gnu] ==> ignore
    arg [-m] ==> ignore
    arg [elf_x86_64] ==> ignore
    arg [-export-dynamic] ==> ignore
    arg [-dynamic-linker] ==> ignore
    arg [/lib64/ld-linux-x86-64.so.2] ==> ignore
    arg [-zcommon-page-size=4096] ==> ignore
    arg [-zmax-page-size=4096] ==> ignore
    arg [-o] ==> ignore
    arg [cmTC_d8221] ==> ignore
    arg [/lib/../lib64/crt1.o] ==> ignore
    arg [/lib/../lib64/crti.o] ==> ignore
    arg [/cvmfs/cms.cern.ch/slc7_amd64_gcc700/external/gcc/7.0.0-omkpbe2/bin/../lib/gcc/x86_64-unknown-linux-gnu/7.3.1/crtbegin.o] ==> ignore
    arg [-L/cvmfs/cms.cern.ch/slc7_amd64_gcc700/external/gcc/7.0.0-omkpbe2/bin/../lib/gcc/x86_64-unknown-linux-gnu/7.3.1] ==> dir [/cvmfs/cms.cern.ch/slc7_amd64_gcc700/external/gcc/7.0.0-omkpbe2/bin/../lib/gcc/x86_64-unknown-linux-gnu/7.3.1]
    arg [-L/cvmfs/cms.cern.ch/slc7_amd64_gcc700/external/gcc/7.0.0-omkpbe2/bin/../lib/gcc] ==> dir [/cvmfs/cms.cern.ch/slc7_amd64_gcc700/external/gcc/7.0.0-omkpbe2/bin/../lib/gcc]
    arg [-L/cvmfs/cms.cern.ch/slc7_amd64_gcc700/external/gcc/7.0.0-omkpbe2/bin/../lib/gcc/x86_64-unknown-linux-gnu/7.3.1/../../../../lib64] ==> dir [/cvmfs/cms.cern.ch/slc7_amd64_gcc700/external/gcc/7.0.0-omkpbe2/bin/../lib/gcc/x86_64-unknown-linux-gnu/7.3.1/../../../../lib64]
    arg [-L/lib/../lib64] ==> dir [/lib/../lib64]
    arg [-L/usr/lib/../lib64] ==> dir [/usr/lib/../lib64]
    arg [-L/cvmfs/cms.cern.ch/slc7_amd64_gcc700/external/gcc/7.0.0-omkpbe2/bin/../lib/gcc/x86_64-unknown-linux-gnu/7.3.1/../../../../x86_64-unknown-linux-gnu/lib] ==> dir [/cvmfs/cms.cern.ch/slc7_amd64_gcc700/external/gcc/7.0.0-omkpbe2/bin/../lib/gcc/x86_64-unknown-linux-gnu/7.3.1/../../../../x86_64-unknown-linux-gnu/lib]
    arg [-L/cvmfs/cms.cern.ch/slc7_amd64_gcc700/external/gcc/7.0.0-omkpbe2/bin/../lib/gcc/x86_64-unknown-linux-gnu/7.3.1/../../..] ==> dir [/cvmfs/cms.cern.ch/slc7_amd64_gcc700/external/gcc/7.0.0-omkpbe2/bin/../lib/gcc/x86_64-unknown-linux-gnu/7.3.1/../../..]
    arg [CMakeFiles/cmTC_d8221.dir/CMakeCCompilerABI.c.o] ==> ignore
    arg [-lgcc] ==> lib [gcc]
    arg [--as-needed] ==> ignore
    arg [-lgcc_s] ==> lib [gcc_s]
    arg [--no-as-needed] ==> ignore
    arg [-lc] ==> lib [c]
    arg [-lgcc] ==> lib [gcc]
    arg [--as-needed] ==> ignore
    arg [-lgcc_s] ==> lib [gcc_s]
    arg [--no-as-needed] ==> ignore
    arg [/cvmfs/cms.cern.ch/slc7_amd64_gcc700/external/gcc/7.0.0-omkpbe2/bin/../lib/gcc/x86_64-unknown-linux-gnu/7.3.1/crtend.o] ==> ignore
    arg [/lib/../lib64/crtn.o] ==> ignore
  collapse library dir [/cvmfs/cms.cern.ch/slc7_amd64_gcc700/external/gcc/7.0.0-omkpbe2/bin/../lib/gcc/x86_64-unknown-linux-gnu/7.3.1] ==> [/cvmfs/cms.cern.ch/slc7_amd64_gcc700/external/gcc/7.0.0-omkpbe2/lib/gcc/x86_64-unknown-linux-gnu/7.3.1]
  collapse library dir [/cvmfs/cms.cern.ch/slc7_amd64_gcc700/external/gcc/7.0.0-omkpbe2/bin/../lib/gcc] ==> [/cvmfs/cms.cern.ch/slc7_amd64_gcc700/external/gcc/7.0.0-omkpbe2/lib/gcc]
  collapse library dir [/cvmfs/cms.cern.ch/slc7_amd64_gcc700/external/gcc/7.0.0-omkpbe2/bin/../lib/gcc/x86_64-unknown-linux-gnu/7.3.1/../../../../lib64] ==> [/cvmfs/cms.cern.ch/slc7_amd64_gcc700/external/gcc/7.0.0-omkpbe2/lib64]
  collapse library dir [/lib/../lib64] ==> [/lib64]
  collapse library dir [/usr/lib/../lib64] ==> [/usr/lib64]
  collapse library dir [/cvmfs/cms.cern.ch/slc7_amd64_gcc700/external/gcc/7.0.0-omkpbe2/bin/../lib/gcc/x86_64-unknown-linux-gnu/7.3.1/../../../../x86_64-unknown-linux-gnu/lib] ==> [/cvmfs/cms.cern.ch/slc7_amd64_gcc700/external/gcc/7.0.0-omkpbe2/x86_64-unknown-linux-gnu/lib]
  collapse library dir [/cvmfs/cms.cern.ch/slc7_amd64_gcc700/external/gcc/7.0.0-omkpbe2/bin/../lib/gcc/x86_64-unknown-linux-gnu/7.3.1/../../..] ==> [/cvmfs/cms.cern.ch/slc7_amd64_gcc700/external/gcc/7.0.0-omkpbe2/lib]
  implicit libs: [gcc;gcc_s;c;gcc;gcc_s]
  implicit dirs: [/cvmfs/cms.cern.ch/slc7_amd64_gcc700/external/gcc/7.0.0-omkpbe2/lib/gcc/x86_64-unknown-linux-gnu/7.3.1;/cvmfs/cms.cern.ch/slc7_amd64_gcc700/external/gcc/7.0.0-omkpbe2/lib/gcc;/cvmfs/cms.cern.ch/slc7_amd64_gcc700/external/gcc/7.0.0-omkpbe2/lib64;/lib64;/usr/lib64;/cvmfs/cms.cern.ch/slc7_amd64_gcc700/external/gcc/7.0.0-omkpbe2/x86_64-unknown-linux-gnu/lib;/cvmfs/cms.cern.ch/slc7_amd64_gcc700/external/gcc/7.0.0-omkpbe2/lib]
  implicit fwks: []


Determining if the CXX compiler works passed with the following output:
Change Dir: /uscms/home/agrummer/nobackup/DiHiggs_v2/CMSSW_10_2_5/src/bbbbAnalysis/tempyaml/build/CMakeFiles/CMakeTmp

Run Build Command(s):/cvmfs/cms.cern.ch/slc7_amd64_gcc700/cms/cmssw/CMSSW_10_2_5/external/slc7_amd64_gcc700/bin/gmake cmTC_390f2/fast && /cvmfs/cms.cern.ch/slc7_amd64_gcc700/cms/cmssw/CMSSW_10_2_5/external/slc7_amd64_gcc700/bin/gmake  -f CMakeFiles/cmTC_390f2.dir/build.make CMakeFiles/cmTC_390f2.dir/build
gmake[1]: Entering directory '/uscms_data/d3/agrummer/DiHiggs_v2/CMSSW_10_2_5/src/bbbbAnalysis/tempyaml/build/CMakeFiles/CMakeTmp'
Building CXX object CMakeFiles/cmTC_390f2.dir/testCXXCompiler.cxx.o
/cvmfs/cms.cern.ch/slc7_amd64_gcc700/external/gcc/7.0.0-omkpbe2/bin/c++     -o CMakeFiles/cmTC_390f2.dir/testCXXCompiler.cxx.o -c /uscms/home/agrummer/nobackup/DiHiggs_v2/CMSSW_10_2_5/src/bbbbAnalysis/tempyaml/build/CMakeFiles/CMakeTmp/testCXXCompiler.cxx
Linking CXX executable cmTC_390f2
/usr/bin/cmake3 -E cmake_link_script CMakeFiles/cmTC_390f2.dir/link.txt --verbose=1
/cvmfs/cms.cern.ch/slc7_amd64_gcc700/external/gcc/7.0.0-omkpbe2/bin/c++       -rdynamic CMakeFiles/cmTC_390f2.dir/testCXXCompiler.cxx.o  -o cmTC_390f2 
gmake[1]: Leaving directory '/uscms_data/d3/agrummer/DiHiggs_v2/CMSSW_10_2_5/src/bbbbAnalysis/tempyaml/build/CMakeFiles/CMakeTmp'



Detecting CXX compiler ABI info compiled with the following output:
Change Dir: /uscms/home/agrummer/nobackup/DiHiggs_v2/CMSSW_10_2_5/src/bbbbAnalysis/tempyaml/build/CMakeFiles/CMakeTmp

Run Build Command(s):/cvmfs/cms.cern.ch/slc7_amd64_gcc700/cms/cmssw/CMSSW_10_2_5/external/slc7_amd64_gcc700/bin/gmake cmTC_94417/fast && /cvmfs/cms.cern.ch/slc7_amd64_gcc700/cms/cmssw/CMSSW_10_2_5/external/slc7_amd64_gcc700/bin/gmake  -f CMakeFiles/cmTC_94417.dir/build.make CMakeFiles/cmTC_94417.dir/build
gmake[1]: Entering directory '/uscms_data/d3/agrummer/DiHiggs_v2/CMSSW_10_2_5/src/bbbbAnalysis/tempyaml/build/CMakeFiles/CMakeTmp'
Building CXX object CMakeFiles/cmTC_94417.dir/CMakeCXXCompilerABI.cpp.o
/cvmfs/cms.cern.ch/slc7_amd64_gcc700/external/gcc/7.0.0-omkpbe2/bin/c++    -v -o CMakeFiles/cmTC_94417.dir/CMakeCXXCompilerABI.cpp.o -c /usr/share/cmake3/Modules/CMakeCXXCompilerABI.cpp
Using built-in specs.
COLLECT_GCC=/cvmfs/cms.cern.ch/slc7_amd64_gcc700/external/gcc/7.0.0-omkpbe2/bin/c++
Target: x86_64-unknown-linux-gnu
Configured with: ../configure --prefix=/build/cmsbld/auto-builds/CMSSW_10_1_0_pre2-slc7_amd64_gcc700/build/CMSSW_10_1_0_pre2-build/tmp/BUILDROOT/8ed230187c2a06a277ca03ddf192b0cd/opt/cmssw/slc7_amd64_gcc700/external/gcc/7.0.0-omkpbe2 --disable-multilib --disable-nls --disable-dssi --enable-languages=c,c++,fortran --enable-gnu-indirect-function --enable-__cxa_atexit --disable-libunwind-exceptions --enable-gnu-unique-object --enable-plugin --with-linker-hash-style=gnu --enable-linker-build-id --enable-ld=default --enable-lto --enable-gold=yes --with-gmp=/build/cmsbld/auto-builds/CMSSW_10_1_0_pre2-slc7_amd64_gcc700/build/CMSSW_10_1_0_pre2-build/tmp/BUILDROOT/8ed230187c2a06a277ca03ddf192b0cd/opt/cmssw/slc7_amd64_gcc700/external/gcc/7.0.0-omkpbe2 --with-mpfr=/build/cmsbld/auto-builds/CMSSW_10_1_0_pre2-slc7_amd64_gcc700/build/CMSSW_10_1_0_pre2-build/tmp/BUILDROOT/8ed230187c2a06a277ca03ddf192b0cd/opt/cmssw/slc7_amd64_gcc700/external/gcc/7.0.0-omkpbe2 --enable-bootstrap --with-mpc=/build/cmsbld/auto-builds/CMSSW_10_1_0_pre2-slc7_amd64_gcc700/build/CMSSW_10_1_0_pre2-build/tmp/BUILDROOT/8ed230187c2a06a277ca03ddf192b0cd/opt/cmssw/slc7_amd64_gcc700/external/gcc/7.0.0-omkpbe2 --with-isl=/build/cmsbld/auto-builds/CMSSW_10_1_0_pre2-slc7_amd64_gcc700/build/CMSSW_10_1_0_pre2-build/tmp/BUILDROOT/8ed230187c2a06a277ca03ddf192b0cd/opt/cmssw/slc7_amd64_gcc700/external/gcc/7.0.0-omkpbe2 --enable-checking=release --build=x86_64-unknown-linux-gnu --host=x86_64-unknown-linux-gnu --enable-libstdcxx-time=rt --enable-shared --disable-libgcj CC='gcc -fPIC' CXX='c++ -fPIC' CPP=cpp CXXCPP='c++ -E' CFLAGS=-I/build/cmsbld/auto-builds/CMSSW_10_1_0_pre2-slc7_amd64_gcc700/build/CMSSW_10_1_0_pre2-build/tmp/BUILDROOT/8ed230187c2a06a277ca03ddf192b0cd/opt/cmssw/slc7_amd64_gcc700/external/gcc/7.0.0-omkpbe2/tmp/sw/include CXXFLAGS=-I/build/cmsbld/auto-builds/CMSSW_10_1_0_pre2-slc7_amd64_gcc700/build/CMSSW_10_1_0_pre2-build/tmp/BUILDROOT/8ed230187c2a06a277ca03ddf192b0cd/opt/cmssw/slc7_amd64_gcc700/external/gcc/7.0.0-omkpbe2/tmp/sw/include LDFLAGS=-L/build/cmsbld/auto-builds/CMSSW_10_1_0_pre2-slc7_amd64_gcc700/build/CMSSW_10_1_0_pre2-build/tmp/BUILDROOT/8ed230187c2a06a277ca03ddf192b0cd/opt/cmssw/slc7_amd64_gcc700/external/gcc/7.0.0-omkpbe2/tmp/sw/lib
Thread model: posix
gcc version 7.3.1 20180127 (GCC) 
COLLECT_GCC_OPTIONS='-v' '-o' 'CMakeFiles/cmTC_94417.dir/CMakeCXXCompilerABI.cpp.o' '-c' '-shared-libgcc' '-mtune=generic' '-march=x86-64'
 /cvmfs/cms.cern.ch/slc7_amd64_gcc700/external/gcc/7.0.0-omkpbe2/bin/../libexec/gcc/x86_64-unknown-linux-gnu/7.3.1/cc1plus -quiet -v -iprefix /cvmfs/cms.cern.ch/slc7_amd64_gcc700/external/gcc/7.0.0-omkpbe2/bin/../lib/gcc/x86_64-unknown-linux-gnu/7.3.1/ -D_GNU_SOURCE /usr/share/cmake3/Modules/CMakeCXXCompilerABI.cpp -quiet -dumpbase CMakeCXXCompilerABI.cpp -mtune=generic -march=x86-64 -auxbase-strip CMakeFiles/cmTC_94417.dir/CMakeCXXCompilerABI.cpp.o -version -fabi-version=0 -o /tmp/ccgpHhI6.s
GNU C++14 (GCC) version 7.3.1 20180127 (x86_64-unknown-linux-gnu)
	compiled by GNU C version 7.3.1 20180127, GMP version 6.1.2, MPFR version 3.1.6, MPC version 1.0.3, isl version isl-0.16.1-GMP

GGC heuristics: --param ggc-min-expand=100 --param ggc-min-heapsize=131072
ignoring nonexistent directory "/cvmfs/cms.cern.ch/slc7_amd64_gcc700/external/gcc/7.0.0-omkpbe2/bin/../lib/gcc/x86_64-unknown-linux-gnu/7.3.1/../../../../x86_64-unknown-linux-gnu/include"
ignoring duplicate directory "/cvmfs/cms.cern.ch/slc7_amd64_gcc700/external/gcc/7.0.0-omkpbe2/bin/../lib/gcc/../../lib/gcc/x86_64-unknown-linux-gnu/7.3.1/../../../../include/c++/7.3.1"
ignoring duplicate directory "/cvmfs/cms.cern.ch/slc7_amd64_gcc700/external/gcc/7.0.0-omkpbe2/bin/../lib/gcc/../../lib/gcc/x86_64-unknown-linux-gnu/7.3.1/../../../../include/c++/7.3.1/x86_64-unknown-linux-gnu"
ignoring duplicate directory "/cvmfs/cms.cern.ch/slc7_amd64_gcc700/external/gcc/7.0.0-omkpbe2/bin/../lib/gcc/../../lib/gcc/x86_64-unknown-linux-gnu/7.3.1/../../../../include/c++/7.3.1/backward"
ignoring duplicate directory "/cvmfs/cms.cern.ch/slc7_amd64_gcc700/external/gcc/7.0.0-omkpbe2/bin/../lib/gcc/../../lib/gcc/x86_64-unknown-linux-gnu/7.3.1/include"
ignoring duplicate directory "/cvmfs/cms.cern.ch/slc7_amd64_gcc700/external/gcc/7.0.0-omkpbe2/bin/../lib/gcc/../../lib/gcc/x86_64-unknown-linux-gnu/7.3.1/include-fixed"
ignoring nonexistent directory "/cvmfs/cms.cern.ch/slc7_amd64_gcc700/external/gcc/7.0.0-omkpbe2/bin/../lib/gcc/../../lib/gcc/x86_64-unknown-linux-gnu/7.3.1/../../../../x86_64-unknown-linux-gnu/include"
#include "..." search starts here:
#include <...> search starts here:
 .
 /cvmfs/sft.cern.ch/lcg/views/LCG_89/x86_64-slc6-gcc62-opt/include
 /uscms/homes/a/agrummer/nobackup/DiHiggs_v2/CMSSW_10_2_5/src/bbbbAnalysis/../
 /cvmfs/cms.cern.ch/slc7_amd64_gcc700/external/gcc/7.0.0-omkpbe2/bin/../lib/gcc/x86_64-unknown-linux-gnu/7.3.1/../../../../include/c++/7.3.1
 /cvmfs/cms.cern.ch/slc7_amd64_gcc700/external/gcc/7.0.0-omkpbe2/bin/../lib/gcc/x86_64-unknown-linux-gnu/7.3.1/../../../../include/c++/7.3.1/x86_64-unknown-linux-gnu
 /cvmfs/cms.cern.ch/slc7_amd64_gcc700/external/gcc/7.0.0-omkpbe2/bin/../lib/gcc/x86_64-unknown-linux-gnu/7.3.1/../../../../include/c++/7.3.1/backward
 /cvmfs/cms.cern.ch/slc7_amd64_gcc700/external/gcc/7.0.0-omkpbe2/bin/../lib/gcc/x86_64-unknown-linux-gnu/7.3.1/include
 /cvmfs/cms.cern.ch/slc7_amd64_gcc700/external/gcc/7.0.0-omkpbe2/bin/../lib/gcc/x86_64-unknown-linux-gnu/7.3.1/include-fixed
 /usr/local/include
 /cvmfs/cms.cern.ch/slc7_amd64_gcc700/external/gcc/7.0.0-omkpbe2/bin/../lib/gcc/../../include
 /usr/include
End of search list.
GNU C++14 (GCC) version 7.3.1 20180127 (x86_64-unknown-linux-gnu)
	compiled by GNU C version 7.3.1 20180127, GMP version 6.1.2, MPFR version 3.1.6, MPC version 1.0.3, isl version isl-0.16.1-GMP

GGC heuristics: --param ggc-min-expand=100 --param ggc-min-heapsize=131072
Compiler executable checksum: 9fc32744915b65efd764e1e1d487c75f
COLLECT_GCC_OPTIONS='-v' '-o' 'CMakeFiles/cmTC_94417.dir/CMakeCXXCompilerABI.cpp.o' '-c' '-shared-libgcc' '-mtune=generic' '-march=x86-64'
 /cvmfs/cms.cern.ch/slc7_amd64_gcc700/external/gcc/7.0.0-omkpbe2/bin/../lib/gcc/x86_64-unknown-linux-gnu/7.3.1/../../../../x86_64-unknown-linux-gnu/bin/as -v --64 -o CMakeFiles/cmTC_94417.dir/CMakeCXXCompilerABI.cpp.o /tmp/ccgpHhI6.s
GNU assembler version 2.30 (x86_64-unknown-linux-gnu) using BFD version (GNU Binutils) 2.30
COMPILER_PATH=/cvmfs/cms.cern.ch/slc7_amd64_gcc700/external/gcc/7.0.0-omkpbe2/bin/../libexec/gcc/x86_64-unknown-linux-gnu/7.3.1/:/cvmfs/cms.cern.ch/slc7_amd64_gcc700/external/gcc/7.0.0-omkpbe2/bin/../libexec/gcc/:/cvmfs/cms.cern.ch/slc7_amd64_gcc700/external/gcc/7.0.0-omkpbe2/bin/../lib/gcc/x86_64-unknown-linux-gnu/7.3.1/../../../../x86_64-unknown-linux-gnu/bin/
LIBRARY_PATH=/cvmfs/cms.cern.ch/slc7_amd64_gcc700/external/gcc/7.0.0-omkpbe2/bin/../lib/gcc/x86_64-unknown-linux-gnu/7.3.1/:/cvmfs/cms.cern.ch/slc7_amd64_gcc700/external/gcc/7.0.0-omkpbe2/bin/../lib/gcc/:/cvmfs/cms.cern.ch/slc7_amd64_gcc700/external/gcc/7.0.0-omkpbe2/bin/../lib/gcc/x86_64-unknown-linux-gnu/7.3.1/../../../../lib64/:/lib/../lib64/:/usr/lib/../lib64/:/cvmfs/cms.cern.ch/slc7_amd64_gcc700/external/gcc/7.0.0-omkpbe2/bin/../lib/gcc/x86_64-unknown-linux-gnu/7.3.1/../../../../x86_64-unknown-linux-gnu/lib/:/cvmfs/cms.cern.ch/slc7_amd64_gcc700/external/gcc/7.0.0-omkpbe2/bin/../lib/gcc/x86_64-unknown-linux-gnu/7.3.1/../../../:/lib/:/usr/lib/
COLLECT_GCC_OPTIONS='-v' '-o' 'CMakeFiles/cmTC_94417.dir/CMakeCXXCompilerABI.cpp.o' '-c' '-shared-libgcc' '-mtune=generic' '-march=x86-64'
Linking CXX executable cmTC_94417
/usr/bin/cmake3 -E cmake_link_script CMakeFiles/cmTC_94417.dir/link.txt --verbose=1
/cvmfs/cms.cern.ch/slc7_amd64_gcc700/external/gcc/7.0.0-omkpbe2/bin/c++      -v -rdynamic CMakeFiles/cmTC_94417.dir/CMakeCXXCompilerABI.cpp.o  -o cmTC_94417 
Using built-in specs.
COLLECT_GCC=/cvmfs/cms.cern.ch/slc7_amd64_gcc700/external/gcc/7.0.0-omkpbe2/bin/c++
COLLECT_LTO_WRAPPER=/cvmfs/cms.cern.ch/slc7_amd64_gcc700/external/gcc/7.0.0-omkpbe2/bin/../libexec/gcc/x86_64-unknown-linux-gnu/7.3.1/lto-wrapper
Target: x86_64-unknown-linux-gnu
Configured with: ../configure --prefix=/build/cmsbld/auto-builds/CMSSW_10_1_0_pre2-slc7_amd64_gcc700/build/CMSSW_10_1_0_pre2-build/tmp/BUILDROOT/8ed230187c2a06a277ca03ddf192b0cd/opt/cmssw/slc7_amd64_gcc700/external/gcc/7.0.0-omkpbe2 --disable-multilib --disable-nls --disable-dssi --enable-languages=c,c++,fortran --enable-gnu-indirect-function --enable-__cxa_atexit --disable-libunwind-exceptions --enable-gnu-unique-object --enable-plugin --with-linker-hash-style=gnu --enable-linker-build-id --enable-ld=default --enable-lto --enable-gold=yes --with-gmp=/build/cmsbld/auto-builds/CMSSW_10_1_0_pre2-slc7_amd64_gcc700/build/CMSSW_10_1_0_pre2-build/tmp/BUILDROOT/8ed230187c2a06a277ca03ddf192b0cd/opt/cmssw/slc7_amd64_gcc700/external/gcc/7.0.0-omkpbe2 --with-mpfr=/build/cmsbld/auto-builds/CMSSW_10_1_0_pre2-slc7_amd64_gcc700/build/CMSSW_10_1_0_pre2-build/tmp/BUILDROOT/8ed230187c2a06a277ca03ddf192b0cd/opt/cmssw/slc7_amd64_gcc700/external/gcc/7.0.0-omkpbe2 --enable-bootstrap --with-mpc=/build/cmsbld/auto-builds/CMSSW_10_1_0_pre2-slc7_amd64_gcc700/build/CMSSW_10_1_0_pre2-build/tmp/BUILDROOT/8ed230187c2a06a277ca03ddf192b0cd/opt/cmssw/slc7_amd64_gcc700/external/gcc/7.0.0-omkpbe2 --with-isl=/build/cmsbld/auto-builds/CMSSW_10_1_0_pre2-slc7_amd64_gcc700/build/CMSSW_10_1_0_pre2-build/tmp/BUILDROOT/8ed230187c2a06a277ca03ddf192b0cd/opt/cmssw/slc7_amd64_gcc700/external/gcc/7.0.0-omkpbe2 --enable-checking=release --build=x86_64-unknown-linux-gnu --host=x86_64-unknown-linux-gnu --enable-libstdcxx-time=rt --enable-shared --disable-libgcj CC='gcc -fPIC' CXX='c++ -fPIC' CPP=cpp CXXCPP='c++ -E' CFLAGS=-I/build/cmsbld/auto-builds/CMSSW_10_1_0_pre2-slc7_amd64_gcc700/build/CMSSW_10_1_0_pre2-build/tmp/BUILDROOT/8ed230187c2a06a277ca03ddf192b0cd/opt/cmssw/slc7_amd64_gcc700/external/gcc/7.0.0-omkpbe2/tmp/sw/include CXXFLAGS=-I/build/cmsbld/auto-builds/CMSSW_10_1_0_pre2-slc7_amd64_gcc700/build/CMSSW_10_1_0_pre2-build/tmp/BUILDROOT/8ed230187c2a06a277ca03ddf192b0cd/opt/cmssw/slc7_amd64_gcc700/external/gcc/7.0.0-omkpbe2/tmp/sw/include LDFLAGS=-L/build/cmsbld/auto-builds/CMSSW_10_1_0_pre2-slc7_amd64_gcc700/build/CMSSW_10_1_0_pre2-build/tmp/BUILDROOT/8ed230187c2a06a277ca03ddf192b0cd/opt/cmssw/slc7_amd64_gcc700/external/gcc/7.0.0-omkpbe2/tmp/sw/lib
Thread model: posix
gcc version 7.3.1 20180127 (GCC) 
COMPILER_PATH=/cvmfs/cms.cern.ch/slc7_amd64_gcc700/external/gcc/7.0.0-omkpbe2/bin/../libexec/gcc/x86_64-unknown-linux-gnu/7.3.1/:/cvmfs/cms.cern.ch/slc7_amd64_gcc700/external/gcc/7.0.0-omkpbe2/bin/../libexec/gcc/:/cvmfs/cms.cern.ch/slc7_amd64_gcc700/external/gcc/7.0.0-omkpbe2/bin/../lib/gcc/x86_64-unknown-linux-gnu/7.3.1/../../../../x86_64-unknown-linux-gnu/bin/
LIBRARY_PATH=/cvmfs/cms.cern.ch/slc7_amd64_gcc700/external/gcc/7.0.0-omkpbe2/bin/../lib/gcc/x86_64-unknown-linux-gnu/7.3.1/:/cvmfs/cms.cern.ch/slc7_amd64_gcc700/external/gcc/7.0.0-omkpbe2/bin/../lib/gcc/:/cvmfs/cms.cern.ch/slc7_amd64_gcc700/external/gcc/7.0.0-omkpbe2/bin/../lib/gcc/x86_64-unknown-linux-gnu/7.3.1/../../../../lib64/:/lib/../lib64/:/usr/lib/../lib64/:/cvmfs/cms.cern.ch/slc7_amd64_gcc700/external/gcc/7.0.0-omkpbe2/bin/../lib/gcc/x86_64-unknown-linux-gnu/7.3.1/../../../../x86_64-unknown-linux-gnu/lib/:/cvmfs/cms.cern.ch/slc7_amd64_gcc700/external/gcc/7.0.0-omkpbe2/bin/../lib/gcc/x86_64-unknown-linux-gnu/7.3.1/../../../:/lib/:/usr/lib/
COLLECT_GCC_OPTIONS='-v' '-rdynamic' '-o' 'cmTC_94417' '-shared-libgcc' '-mtune=generic' '-march=x86-64'
 /cvmfs/cms.cern.ch/slc7_amd64_gcc700/external/gcc/7.0.0-omkpbe2/bin/../libexec/gcc/x86_64-unknown-linux-gnu/7.3.1/collect2 -plugin /cvmfs/cms.cern.ch/slc7_amd64_gcc700/external/gcc/7.0.0-omkpbe2/bin/../libexec/gcc/x86_64-unknown-linux-gnu/7.3.1/liblto_plugin.so -plugin-opt=/cvmfs/cms.cern.ch/slc7_amd64_gcc700/external/gcc/7.0.0-omkpbe2/bin/../libexec/gcc/x86_64-unknown-linux-gnu/7.3.1/lto-wrapper -plugin-opt=-fresolution=/tmp/ccyYs6m8.res -plugin-opt=-pass-through=-lgcc_s -plugin-opt=-pass-through=-lgcc -plugin-opt=-pass-through=-lc -plugin-opt=-pass-through=-lgcc_s -plugin-opt=-pass-through=-lgcc --build-id --eh-frame-hdr --hash-style=gnu -m elf_x86_64 -export-dynamic -dynamic-linker /lib64/ld-linux-x86-64.so.2 -z common-page-size=4096 -z max-page-size=4096 -o cmTC_94417 /lib/../lib64/crt1.o /lib/../lib64/crti.o /cvmfs/cms.cern.ch/slc7_amd64_gcc700/external/gcc/7.0.0-omkpbe2/bin/../lib/gcc/x86_64-unknown-linux-gnu/7.3.1/crtbegin.o -L/cvmfs/cms.cern.ch/slc7_amd64_gcc700/external/gcc/7.0.0-omkpbe2/bin/../lib/gcc/x86_64-unknown-linux-gnu/7.3.1 -L/cvmfs/cms.cern.ch/slc7_amd64_gcc700/external/gcc/7.0.0-omkpbe2/bin/../lib/gcc -L/cvmfs/cms.cern.ch/slc7_amd64_gcc700/external/gcc/7.0.0-omkpbe2/bin/../lib/gcc/x86_64-unknown-linux-gnu/7.3.1/../../../../lib64 -L/lib/../lib64 -L/usr/lib/../lib64 -L/cvmfs/cms.cern.ch/slc7_amd64_gcc700/external/gcc/7.0.0-omkpbe2/bin/../lib/gcc/x86_64-unknown-linux-gnu/7.3.1/../../../../x86_64-unknown-linux-gnu/lib -L/cvmfs/cms.cern.ch/slc7_amd64_gcc700/external/gcc/7.0.0-omkpbe2/bin/../lib/gcc/x86_64-unknown-linux-gnu/7.3.1/../../.. CMakeFiles/cmTC_94417.dir/CMakeCXXCompilerABI.cpp.o -lstdc++ -lm -lgcc_s -lgcc -lc -lgcc_s -lgcc /cvmfs/cms.cern.ch/slc7_amd64_gcc700/external/gcc/7.0.0-omkpbe2/bin/../lib/gcc/x86_64-unknown-linux-gnu/7.3.1/crtend.o /lib/../lib64/crtn.o
COLLECT_GCC_OPTIONS='-v' '-rdynamic' '-o' 'cmTC_94417' '-shared-libgcc' '-mtune=generic' '-march=x86-64'
gmake[1]: Leaving directory '/uscms_data/d3/agrummer/DiHiggs_v2/CMSSW_10_2_5/src/bbbbAnalysis/tempyaml/build/CMakeFiles/CMakeTmp'



Parsed CXX implicit include dir info from above output: rv=done
  found start of include info
  found start of implicit include info
    add: [.]
    add: [/cvmfs/sft.cern.ch/lcg/views/LCG_89/x86_64-slc6-gcc62-opt/include]
    add: [/uscms/homes/a/agrummer/nobackup/DiHiggs_v2/CMSSW_10_2_5/src/bbbbAnalysis/../]
    add: [/cvmfs/cms.cern.ch/slc7_amd64_gcc700/external/gcc/7.0.0-omkpbe2/bin/../lib/gcc/x86_64-unknown-linux-gnu/7.3.1/../../../../include/c++/7.3.1]
    add: [/cvmfs/cms.cern.ch/slc7_amd64_gcc700/external/gcc/7.0.0-omkpbe2/bin/../lib/gcc/x86_64-unknown-linux-gnu/7.3.1/../../../../include/c++/7.3.1/x86_64-unknown-linux-gnu]
    add: [/cvmfs/cms.cern.ch/slc7_amd64_gcc700/external/gcc/7.0.0-omkpbe2/bin/../lib/gcc/x86_64-unknown-linux-gnu/7.3.1/../../../../include/c++/7.3.1/backward]
    add: [/cvmfs/cms.cern.ch/slc7_amd64_gcc700/external/gcc/7.0.0-omkpbe2/bin/../lib/gcc/x86_64-unknown-linux-gnu/7.3.1/include]
    add: [/cvmfs/cms.cern.ch/slc7_amd64_gcc700/external/gcc/7.0.0-omkpbe2/bin/../lib/gcc/x86_64-unknown-linux-gnu/7.3.1/include-fixed]
    add: [/usr/local/include]
    add: [/cvmfs/cms.cern.ch/slc7_amd64_gcc700/external/gcc/7.0.0-omkpbe2/bin/../lib/gcc/../../include]
    add: [/usr/include]
  end of search list found
  skipping relative include dir [.]
  collapse include dir [/cvmfs/sft.cern.ch/lcg/views/LCG_89/x86_64-slc6-gcc62-opt/include] ==> [/cvmfs/sft.cern.ch/lcg/views/LCG_89/x86_64-slc6-gcc62-opt/include]
  collapse include dir [/uscms/homes/a/agrummer/nobackup/DiHiggs_v2/CMSSW_10_2_5/src/bbbbAnalysis/../] ==> [/uscms/homes/a/agrummer/nobackup/DiHiggs_v2/CMSSW_10_2_5/src]
  collapse include dir [/cvmfs/cms.cern.ch/slc7_amd64_gcc700/external/gcc/7.0.0-omkpbe2/bin/../lib/gcc/x86_64-unknown-linux-gnu/7.3.1/../../../../include/c++/7.3.1] ==> [/cvmfs/cms.cern.ch/slc7_amd64_gcc700/external/gcc/7.0.0-omkpbe2/include/c++/7.3.1]
  collapse include dir [/cvmfs/cms.cern.ch/slc7_amd64_gcc700/external/gcc/7.0.0-omkpbe2/bin/../lib/gcc/x86_64-unknown-linux-gnu/7.3.1/../../../../include/c++/7.3.1/x86_64-unknown-linux-gnu] ==> [/cvmfs/cms.cern.ch/slc7_amd64_gcc700/external/gcc/7.0.0-omkpbe2/include/c++/7.3.1/x86_64-unknown-linux-gnu]
  collapse include dir [/cvmfs/cms.cern.ch/slc7_amd64_gcc700/external/gcc/7.0.0-omkpbe2/bin/../lib/gcc/x86_64-unknown-linux-gnu/7.3.1/../../../../include/c++/7.3.1/backward] ==> [/cvmfs/cms.cern.ch/slc7_amd64_gcc700/external/gcc/7.0.0-omkpbe2/include/c++/7.3.1/backward]
  collapse include dir [/cvmfs/cms.cern.ch/slc7_amd64_gcc700/external/gcc/7.0.0-omkpbe2/bin/../lib/gcc/x86_64-unknown-linux-gnu/7.3.1/include] ==> [/cvmfs/cms.cern.ch/slc7_amd64_gcc700/external/gcc/7.0.0-omkpbe2/lib/gcc/x86_64-unknown-linux-gnu/7.3.1/include]
  collapse include dir [/cvmfs/cms.cern.ch/slc7_amd64_gcc700/external/gcc/7.0.0-omkpbe2/bin/../lib/gcc/x86_64-unknown-linux-gnu/7.3.1/include-fixed] ==> [/cvmfs/cms.cern.ch/slc7_amd64_gcc700/external/gcc/7.0.0-omkpbe2/lib/gcc/x86_64-unknown-linux-gnu/7.3.1/include-fixed]
  collapse include dir [/usr/local/include] ==> [/usr/local/include]
  collapse include dir [/cvmfs/cms.cern.ch/slc7_amd64_gcc700/external/gcc/7.0.0-omkpbe2/bin/../lib/gcc/../../include] ==> [/cvmfs/cms.cern.ch/slc7_amd64_gcc700/external/gcc/7.0.0-omkpbe2/include]
  collapse include dir [/usr/include] ==> [/usr/include]
  implicit include dirs: [/cvmfs/sft.cern.ch/lcg/views/LCG_89/x86_64-slc6-gcc62-opt/include;/uscms/homes/a/agrummer/nobackup/DiHiggs_v2/CMSSW_10_2_5/src;/cvmfs/cms.cern.ch/slc7_amd64_gcc700/external/gcc/7.0.0-omkpbe2/include/c++/7.3.1;/cvmfs/cms.cern.ch/slc7_amd64_gcc700/external/gcc/7.0.0-omkpbe2/include/c++/7.3.1/x86_64-unknown-linux-gnu;/cvmfs/cms.cern.ch/slc7_amd64_gcc700/external/gcc/7.0.0-omkpbe2/include/c++/7.3.1/backward;/cvmfs/cms.cern.ch/slc7_amd64_gcc700/external/gcc/7.0.0-omkpbe2/lib/gcc/x86_64-unknown-linux-gnu/7.3.1/include;/cvmfs/cms.cern.ch/slc7_amd64_gcc700/external/gcc/7.0.0-omkpbe2/lib/gcc/x86_64-unknown-linux-gnu/7.3.1/include-fixed;/usr/local/include;/cvmfs/cms.cern.ch/slc7_amd64_gcc700/external/gcc/7.0.0-omkpbe2/include;/usr/include]


Parsed CXX implicit link information from above output:
  link line regex: [^( *|.*[/\])(ld|CMAKE_LINK_STARTFILE-NOTFOUND|([^/\]+-)?ld|collect2)[^/\]*( |$)]
  ignore line: [Change Dir: /uscms/home/agrummer/nobackup/DiHiggs_v2/CMSSW_10_2_5/src/bbbbAnalysis/tempyaml/build/CMakeFiles/CMakeTmp]
  ignore line: []
  ignore line: [Run Build Command(s):/cvmfs/cms.cern.ch/slc7_amd64_gcc700/cms/cmssw/CMSSW_10_2_5/external/slc7_amd64_gcc700/bin/gmake cmTC_94417/fast && /cvmfs/cms.cern.ch/slc7_amd64_gcc700/cms/cmssw/CMSSW_10_2_5/external/slc7_amd64_gcc700/bin/gmake  -f CMakeFiles/cmTC_94417.dir/build.make CMakeFiles/cmTC_94417.dir/build]
  ignore line: [gmake[1]: Entering directory '/uscms_data/d3/agrummer/DiHiggs_v2/CMSSW_10_2_5/src/bbbbAnalysis/tempyaml/build/CMakeFiles/CMakeTmp']
  ignore line: [Building CXX object CMakeFiles/cmTC_94417.dir/CMakeCXXCompilerABI.cpp.o]
  ignore line: [/cvmfs/cms.cern.ch/slc7_amd64_gcc700/external/gcc/7.0.0-omkpbe2/bin/c++    -v -o CMakeFiles/cmTC_94417.dir/CMakeCXXCompilerABI.cpp.o -c /usr/share/cmake3/Modules/CMakeCXXCompilerABI.cpp]
  ignore line: [Using built-in specs.]
  ignore line: [COLLECT_GCC=/cvmfs/cms.cern.ch/slc7_amd64_gcc700/external/gcc/7.0.0-omkpbe2/bin/c++]
  ignore line: [Target: x86_64-unknown-linux-gnu]
  ignore line: [Configured with: ../configure --prefix=/build/cmsbld/auto-builds/CMSSW_10_1_0_pre2-slc7_amd64_gcc700/build/CMSSW_10_1_0_pre2-build/tmp/BUILDROOT/8ed230187c2a06a277ca03ddf192b0cd/opt/cmssw/slc7_amd64_gcc700/external/gcc/7.0.0-omkpbe2 --disable-multilib --disable-nls --disable-dssi --enable-languages=c,c++,fortran --enable-gnu-indirect-function --enable-__cxa_atexit --disable-libunwind-exceptions --enable-gnu-unique-object --enable-plugin --with-linker-hash-style=gnu --enable-linker-build-id --enable-ld=default --enable-lto --enable-gold=yes --with-gmp=/build/cmsbld/auto-builds/CMSSW_10_1_0_pre2-slc7_amd64_gcc700/build/CMSSW_10_1_0_pre2-build/tmp/BUILDROOT/8ed230187c2a06a277ca03ddf192b0cd/opt/cmssw/slc7_amd64_gcc700/external/gcc/7.0.0-omkpbe2 --with-mpfr=/build/cmsbld/auto-builds/CMSSW_10_1_0_pre2-slc7_amd64_gcc700/build/CMSSW_10_1_0_pre2-build/tmp/BUILDROOT/8ed230187c2a06a277ca03ddf192b0cd/opt/cmssw/slc7_amd64_gcc700/external/gcc/7.0.0-omkpbe2 --enable-bootstrap --with-mpc=/build/cmsbld/auto-builds/CMSSW_10_1_0_pre2-slc7_amd64_gcc700/build/CMSSW_10_1_0_pre2-build/tmp/BUILDROOT/8ed230187c2a06a277ca03ddf192b0cd/opt/cmssw/slc7_amd64_gcc700/external/gcc/7.0.0-omkpbe2 --with-isl=/build/cmsbld/auto-builds/CMSSW_10_1_0_pre2-slc7_amd64_gcc700/build/CMSSW_10_1_0_pre2-build/tmp/BUILDROOT/8ed230187c2a06a277ca03ddf192b0cd/opt/cmssw/slc7_amd64_gcc700/external/gcc/7.0.0-omkpbe2 --enable-checking=release --build=x86_64-unknown-linux-gnu --host=x86_64-unknown-linux-gnu --enable-libstdcxx-time=rt --enable-shared --disable-libgcj CC='gcc -fPIC' CXX='c++ -fPIC' CPP=cpp CXXCPP='c++ -E' CFLAGS=-I/build/cmsbld/auto-builds/CMSSW_10_1_0_pre2-slc7_amd64_gcc700/build/CMSSW_10_1_0_pre2-build/tmp/BUILDROOT/8ed230187c2a06a277ca03ddf192b0cd/opt/cmssw/slc7_amd64_gcc700/external/gcc/7.0.0-omkpbe2/tmp/sw/include CXXFLAGS=-I/build/cmsbld/auto-builds/CMSSW_10_1_0_pre2-slc7_amd64_gcc700/build/CMSSW_10_1_0_pre2-build/tmp/BUILDROOT/8ed230187c2a06a277ca03ddf192b0cd/opt/cmssw/slc7_amd64_gcc700/external/gcc/7.0.0-omkpbe2/tmp/sw/include LDFLAGS=-L/build/cmsbld/auto-builds/CMSSW_10_1_0_pre2-slc7_amd64_gcc700/build/CMSSW_10_1_0_pre2-build/tmp/BUILDROOT/8ed230187c2a06a277ca03ddf192b0cd/opt/cmssw/slc7_amd64_gcc700/external/gcc/7.0.0-omkpbe2/tmp/sw/lib]
  ignore line: [Thread model: posix]
  ignore line: [gcc version 7.3.1 20180127 (GCC) ]
  ignore line: [COLLECT_GCC_OPTIONS='-v' '-o' 'CMakeFiles/cmTC_94417.dir/CMakeCXXCompilerABI.cpp.o' '-c' '-shared-libgcc' '-mtune=generic' '-march=x86-64']
  ignore line: [ /cvmfs/cms.cern.ch/slc7_amd64_gcc700/external/gcc/7.0.0-omkpbe2/bin/../libexec/gcc/x86_64-unknown-linux-gnu/7.3.1/cc1plus -quiet -v -iprefix /cvmfs/cms.cern.ch/slc7_amd64_gcc700/external/gcc/7.0.0-omkpbe2/bin/../lib/gcc/x86_64-unknown-linux-gnu/7.3.1/ -D_GNU_SOURCE /usr/share/cmake3/Modules/CMakeCXXCompilerABI.cpp -quiet -dumpbase CMakeCXXCompilerABI.cpp -mtune=generic -march=x86-64 -auxbase-strip CMakeFiles/cmTC_94417.dir/CMakeCXXCompilerABI.cpp.o -version -fabi-version=0 -o /tmp/ccgpHhI6.s]
  ignore line: [GNU C++14 (GCC) version 7.3.1 20180127 (x86_64-unknown-linux-gnu)]
  ignore line: [	compiled by GNU C version 7.3.1 20180127  GMP version 6.1.2  MPFR version 3.1.6  MPC version 1.0.3  isl version isl-0.16.1-GMP]
  ignore line: []
  ignore line: [GGC heuristics: --param ggc-min-expand=100 --param ggc-min-heapsize=131072]
  ignore line: [ignoring nonexistent directory "/cvmfs/cms.cern.ch/slc7_amd64_gcc700/external/gcc/7.0.0-omkpbe2/bin/../lib/gcc/x86_64-unknown-linux-gnu/7.3.1/../../../../x86_64-unknown-linux-gnu/include"]
  ignore line: [ignoring duplicate directory "/cvmfs/cms.cern.ch/slc7_amd64_gcc700/external/gcc/7.0.0-omkpbe2/bin/../lib/gcc/../../lib/gcc/x86_64-unknown-linux-gnu/7.3.1/../../../../include/c++/7.3.1"]
  ignore line: [ignoring duplicate directory "/cvmfs/cms.cern.ch/slc7_amd64_gcc700/external/gcc/7.0.0-omkpbe2/bin/../lib/gcc/../../lib/gcc/x86_64-unknown-linux-gnu/7.3.1/../../../../include/c++/7.3.1/x86_64-unknown-linux-gnu"]
  ignore line: [ignoring duplicate directory "/cvmfs/cms.cern.ch/slc7_amd64_gcc700/external/gcc/7.0.0-omkpbe2/bin/../lib/gcc/../../lib/gcc/x86_64-unknown-linux-gnu/7.3.1/../../../../include/c++/7.3.1/backward"]
  ignore line: [ignoring duplicate directory "/cvmfs/cms.cern.ch/slc7_amd64_gcc700/external/gcc/7.0.0-omkpbe2/bin/../lib/gcc/../../lib/gcc/x86_64-unknown-linux-gnu/7.3.1/include"]
  ignore line: [ignoring duplicate directory "/cvmfs/cms.cern.ch/slc7_amd64_gcc700/external/gcc/7.0.0-omkpbe2/bin/../lib/gcc/../../lib/gcc/x86_64-unknown-linux-gnu/7.3.1/include-fixed"]
  ignore line: [ignoring nonexistent directory "/cvmfs/cms.cern.ch/slc7_amd64_gcc700/external/gcc/7.0.0-omkpbe2/bin/../lib/gcc/../../lib/gcc/x86_64-unknown-linux-gnu/7.3.1/../../../../x86_64-unknown-linux-gnu/include"]
  ignore line: [#include "..." search starts here:]
  ignore line: [#include <...> search starts here:]
  ignore line: [ .]
  ignore line: [ /cvmfs/sft.cern.ch/lcg/views/LCG_89/x86_64-slc6-gcc62-opt/include]
  ignore line: [ /uscms/homes/a/agrummer/nobackup/DiHiggs_v2/CMSSW_10_2_5/src/bbbbAnalysis/../]
  ignore line: [ /cvmfs/cms.cern.ch/slc7_amd64_gcc700/external/gcc/7.0.0-omkpbe2/bin/../lib/gcc/x86_64-unknown-linux-gnu/7.3.1/../../../../include/c++/7.3.1]
  ignore line: [ /cvmfs/cms.cern.ch/slc7_amd64_gcc700/external/gcc/7.0.0-omkpbe2/bin/../lib/gcc/x86_64-unknown-linux-gnu/7.3.1/../../../../include/c++/7.3.1/x86_64-unknown-linux-gnu]
  ignore line: [ /cvmfs/cms.cern.ch/slc7_amd64_gcc700/external/gcc/7.0.0-omkpbe2/bin/../lib/gcc/x86_64-unknown-linux-gnu/7.3.1/../../../../include/c++/7.3.1/backward]
  ignore line: [ /cvmfs/cms.cern.ch/slc7_amd64_gcc700/external/gcc/7.0.0-omkpbe2/bin/../lib/gcc/x86_64-unknown-linux-gnu/7.3.1/include]
  ignore line: [ /cvmfs/cms.cern.ch/slc7_amd64_gcc700/external/gcc/7.0.0-omkpbe2/bin/../lib/gcc/x86_64-unknown-linux-gnu/7.3.1/include-fixed]
  ignore line: [ /usr/local/include]
  ignore line: [ /cvmfs/cms.cern.ch/slc7_amd64_gcc700/external/gcc/7.0.0-omkpbe2/bin/../lib/gcc/../../include]
  ignore line: [ /usr/include]
  ignore line: [End of search list.]
  ignore line: [GNU C++14 (GCC) version 7.3.1 20180127 (x86_64-unknown-linux-gnu)]
  ignore line: [	compiled by GNU C version 7.3.1 20180127  GMP version 6.1.2  MPFR version 3.1.6  MPC version 1.0.3  isl version isl-0.16.1-GMP]
  ignore line: []
  ignore line: [GGC heuristics: --param ggc-min-expand=100 --param ggc-min-heapsize=131072]
  ignore line: [Compiler executable checksum: 9fc32744915b65efd764e1e1d487c75f]
  ignore line: [COLLECT_GCC_OPTIONS='-v' '-o' 'CMakeFiles/cmTC_94417.dir/CMakeCXXCompilerABI.cpp.o' '-c' '-shared-libgcc' '-mtune=generic' '-march=x86-64']
  ignore line: [ /cvmfs/cms.cern.ch/slc7_amd64_gcc700/external/gcc/7.0.0-omkpbe2/bin/../lib/gcc/x86_64-unknown-linux-gnu/7.3.1/../../../../x86_64-unknown-linux-gnu/bin/as -v --64 -o CMakeFiles/cmTC_94417.dir/CMakeCXXCompilerABI.cpp.o /tmp/ccgpHhI6.s]
  ignore line: [GNU assembler version 2.30 (x86_64-unknown-linux-gnu) using BFD version (GNU Binutils) 2.30]
  ignore line: [COMPILER_PATH=/cvmfs/cms.cern.ch/slc7_amd64_gcc700/external/gcc/7.0.0-omkpbe2/bin/../libexec/gcc/x86_64-unknown-linux-gnu/7.3.1/:/cvmfs/cms.cern.ch/slc7_amd64_gcc700/external/gcc/7.0.0-omkpbe2/bin/../libexec/gcc/:/cvmfs/cms.cern.ch/slc7_amd64_gcc700/external/gcc/7.0.0-omkpbe2/bin/../lib/gcc/x86_64-unknown-linux-gnu/7.3.1/../../../../x86_64-unknown-linux-gnu/bin/]
  ignore line: [LIBRARY_PATH=/cvmfs/cms.cern.ch/slc7_amd64_gcc700/external/gcc/7.0.0-omkpbe2/bin/../lib/gcc/x86_64-unknown-linux-gnu/7.3.1/:/cvmfs/cms.cern.ch/slc7_amd64_gcc700/external/gcc/7.0.0-omkpbe2/bin/../lib/gcc/:/cvmfs/cms.cern.ch/slc7_amd64_gcc700/external/gcc/7.0.0-omkpbe2/bin/../lib/gcc/x86_64-unknown-linux-gnu/7.3.1/../../../../lib64/:/lib/../lib64/:/usr/lib/../lib64/:/cvmfs/cms.cern.ch/slc7_amd64_gcc700/external/gcc/7.0.0-omkpbe2/bin/../lib/gcc/x86_64-unknown-linux-gnu/7.3.1/../../../../x86_64-unknown-linux-gnu/lib/:/cvmfs/cms.cern.ch/slc7_amd64_gcc700/external/gcc/7.0.0-omkpbe2/bin/../lib/gcc/x86_64-unknown-linux-gnu/7.3.1/../../../:/lib/:/usr/lib/]
  ignore line: [COLLECT_GCC_OPTIONS='-v' '-o' 'CMakeFiles/cmTC_94417.dir/CMakeCXXCompilerABI.cpp.o' '-c' '-shared-libgcc' '-mtune=generic' '-march=x86-64']
  ignore line: [Linking CXX executable cmTC_94417]
  ignore line: [/usr/bin/cmake3 -E cmake_link_script CMakeFiles/cmTC_94417.dir/link.txt --verbose=1]
  ignore line: [/cvmfs/cms.cern.ch/slc7_amd64_gcc700/external/gcc/7.0.0-omkpbe2/bin/c++      -v -rdynamic CMakeFiles/cmTC_94417.dir/CMakeCXXCompilerABI.cpp.o  -o cmTC_94417 ]
  ignore line: [Using built-in specs.]
  ignore line: [COLLECT_GCC=/cvmfs/cms.cern.ch/slc7_amd64_gcc700/external/gcc/7.0.0-omkpbe2/bin/c++]
  ignore line: [COLLECT_LTO_WRAPPER=/cvmfs/cms.cern.ch/slc7_amd64_gcc700/external/gcc/7.0.0-omkpbe2/bin/../libexec/gcc/x86_64-unknown-linux-gnu/7.3.1/lto-wrapper]
  ignore line: [Target: x86_64-unknown-linux-gnu]
  ignore line: [Configured with: ../configure --prefix=/build/cmsbld/auto-builds/CMSSW_10_1_0_pre2-slc7_amd64_gcc700/build/CMSSW_10_1_0_pre2-build/tmp/BUILDROOT/8ed230187c2a06a277ca03ddf192b0cd/opt/cmssw/slc7_amd64_gcc700/external/gcc/7.0.0-omkpbe2 --disable-multilib --disable-nls --disable-dssi --enable-languages=c,c++,fortran --enable-gnu-indirect-function --enable-__cxa_atexit --disable-libunwind-exceptions --enable-gnu-unique-object --enable-plugin --with-linker-hash-style=gnu --enable-linker-build-id --enable-ld=default --enable-lto --enable-gold=yes --with-gmp=/build/cmsbld/auto-builds/CMSSW_10_1_0_pre2-slc7_amd64_gcc700/build/CMSSW_10_1_0_pre2-build/tmp/BUILDROOT/8ed230187c2a06a277ca03ddf192b0cd/opt/cmssw/slc7_amd64_gcc700/external/gcc/7.0.0-omkpbe2 --with-mpfr=/build/cmsbld/auto-builds/CMSSW_10_1_0_pre2-slc7_amd64_gcc700/build/CMSSW_10_1_0_pre2-build/tmp/BUILDROOT/8ed230187c2a06a277ca03ddf192b0cd/opt/cmssw/slc7_amd64_gcc700/external/gcc/7.0.0-omkpbe2 --enable-bootstrap --with-mpc=/build/cmsbld/auto-builds/CMSSW_10_1_0_pre2-slc7_amd64_gcc700/build/CMSSW_10_1_0_pre2-build/tmp/BUILDROOT/8ed230187c2a06a277ca03ddf192b0cd/opt/cmssw/slc7_amd64_gcc700/external/gcc/7.0.0-omkpbe2 --with-isl=/build/cmsbld/auto-builds/CMSSW_10_1_0_pre2-slc7_amd64_gcc700/build/CMSSW_10_1_0_pre2-build/tmp/BUILDROOT/8ed230187c2a06a277ca03ddf192b0cd/opt/cmssw/slc7_amd64_gcc700/external/gcc/7.0.0-omkpbe2 --enable-checking=release --build=x86_64-unknown-linux-gnu --host=x86_64-unknown-linux-gnu --enable-libstdcxx-time=rt --enable-shared --disable-libgcj CC='gcc -fPIC' CXX='c++ -fPIC' CPP=cpp CXXCPP='c++ -E' CFLAGS=-I/build/cmsbld/auto-builds/CMSSW_10_1_0_pre2-slc7_amd64_gcc700/build/CMSSW_10_1_0_pre2-build/tmp/BUILDROOT/8ed230187c2a06a277ca03ddf192b0cd/opt/cmssw/slc7_amd64_gcc700/external/gcc/7.0.0-omkpbe2/tmp/sw/include CXXFLAGS=-I/build/cmsbld/auto-builds/CMSSW_10_1_0_pre2-slc7_amd64_gcc700/build/CMSSW_10_1_0_pre2-build/tmp/BUILDROOT/8ed230187c2a06a277ca03ddf192b0cd/opt/cmssw/slc7_amd64_gcc700/external/gcc/7.0.0-omkpbe2/tmp/sw/include LDFLAGS=-L/build/cmsbld/auto-builds/CMSSW_10_1_0_pre2-slc7_amd64_gcc700/build/CMSSW_10_1_0_pre2-build/tmp/BUILDROOT/8ed230187c2a06a277ca03ddf192b0cd/opt/cmssw/slc7_amd64_gcc700/external/gcc/7.0.0-omkpbe2/tmp/sw/lib]
  ignore line: [Thread model: posix]
  ignore line: [gcc version 7.3.1 20180127 (GCC) ]
  ignore line: [COMPILER_PATH=/cvmfs/cms.cern.ch/slc7_amd64_gcc700/external/gcc/7.0.0-omkpbe2/bin/../libexec/gcc/x86_64-unknown-linux-gnu/7.3.1/:/cvmfs/cms.cern.ch/slc7_amd64_gcc700/external/gcc/7.0.0-omkpbe2/bin/../libexec/gcc/:/cvmfs/cms.cern.ch/slc7_amd64_gcc700/external/gcc/7.0.0-omkpbe2/bin/../lib/gcc/x86_64-unknown-linux-gnu/7.3.1/../../../../x86_64-unknown-linux-gnu/bin/]
  ignore line: [LIBRARY_PATH=/cvmfs/cms.cern.ch/slc7_amd64_gcc700/external/gcc/7.0.0-omkpbe2/bin/../lib/gcc/x86_64-unknown-linux-gnu/7.3.1/:/cvmfs/cms.cern.ch/slc7_amd64_gcc700/external/gcc/7.0.0-omkpbe2/bin/../lib/gcc/:/cvmfs/cms.cern.ch/slc7_amd64_gcc700/external/gcc/7.0.0-omkpbe2/bin/../lib/gcc/x86_64-unknown-linux-gnu/7.3.1/../../../../lib64/:/lib/../lib64/:/usr/lib/../lib64/:/cvmfs/cms.cern.ch/slc7_amd64_gcc700/external/gcc/7.0.0-omkpbe2/bin/../lib/gcc/x86_64-unknown-linux-gnu/7.3.1/../../../../x86_64-unknown-linux-gnu/lib/:/cvmfs/cms.cern.ch/slc7_amd64_gcc700/external/gcc/7.0.0-omkpbe2/bin/../lib/gcc/x86_64-unknown-linux-gnu/7.3.1/../../../:/lib/:/usr/lib/]
  ignore line: [COLLECT_GCC_OPTIONS='-v' '-rdynamic' '-o' 'cmTC_94417' '-shared-libgcc' '-mtune=generic' '-march=x86-64']
  link line: [ /cvmfs/cms.cern.ch/slc7_amd64_gcc700/external/gcc/7.0.0-omkpbe2/bin/../libexec/gcc/x86_64-unknown-linux-gnu/7.3.1/collect2 -plugin /cvmfs/cms.cern.ch/slc7_amd64_gcc700/external/gcc/7.0.0-omkpbe2/bin/../libexec/gcc/x86_64-unknown-linux-gnu/7.3.1/liblto_plugin.so -plugin-opt=/cvmfs/cms.cern.ch/slc7_amd64_gcc700/external/gcc/7.0.0-omkpbe2/bin/../libexec/gcc/x86_64-unknown-linux-gnu/7.3.1/lto-wrapper -plugin-opt=-fresolution=/tmp/ccyYs6m8.res -plugin-opt=-pass-through=-lgcc_s -plugin-opt=-pass-through=-lgcc -plugin-opt=-pass-through=-lc -plugin-opt=-pass-through=-lgcc_s -plugin-opt=-pass-through=-lgcc --build-id --eh-frame-hdr --hash-style=gnu -m elf_x86_64 -export-dynamic -dynamic-linker /lib64/ld-linux-x86-64.so.2 -z common-page-size=4096 -z max-page-size=4096 -o cmTC_94417 /lib/../lib64/crt1.o /lib/../lib64/crti.o /cvmfs/cms.cern.ch/slc7_amd64_gcc700/external/gcc/7.0.0-omkpbe2/bin/../lib/gcc/x86_64-unknown-linux-gnu/7.3.1/crtbegin.o -L/cvmfs/cms.cern.ch/slc7_amd64_gcc700/external/gcc/7.0.0-omkpbe2/bin/../lib/gcc/x86_64-unknown-linux-gnu/7.3.1 -L/cvmfs/cms.cern.ch/slc7_amd64_gcc700/external/gcc/7.0.0-omkpbe2/bin/../lib/gcc -L/cvmfs/cms.cern.ch/slc7_amd64_gcc700/external/gcc/7.0.0-omkpbe2/bin/../lib/gcc/x86_64-unknown-linux-gnu/7.3.1/../../../../lib64 -L/lib/../lib64 -L/usr/lib/../lib64 -L/cvmfs/cms.cern.ch/slc7_amd64_gcc700/external/gcc/7.0.0-omkpbe2/bin/../lib/gcc/x86_64-unknown-linux-gnu/7.3.1/../../../../x86_64-unknown-linux-gnu/lib -L/cvmfs/cms.cern.ch/slc7_amd64_gcc700/external/gcc/7.0.0-omkpbe2/bin/../lib/gcc/x86_64-unknown-linux-gnu/7.3.1/../../.. CMakeFiles/cmTC_94417.dir/CMakeCXXCompilerABI.cpp.o -lstdc++ -lm -lgcc_s -lgcc -lc -lgcc_s -lgcc /cvmfs/cms.cern.ch/slc7_amd64_gcc700/external/gcc/7.0.0-omkpbe2/bin/../lib/gcc/x86_64-unknown-linux-gnu/7.3.1/crtend.o /lib/../lib64/crtn.o]
    arg [/cvmfs/cms.cern.ch/slc7_amd64_gcc700/external/gcc/7.0.0-omkpbe2/bin/../libexec/gcc/x86_64-unknown-linux-gnu/7.3.1/collect2] ==> ignore
    arg [-plugin] ==> ignore
    arg [/cvmfs/cms.cern.ch/slc7_amd64_gcc700/external/gcc/7.0.0-omkpbe2/bin/../libexec/gcc/x86_64-unknown-linux-gnu/7.3.1/liblto_plugin.so] ==> ignore
    arg [-plugin-opt=/cvmfs/cms.cern.ch/slc7_amd64_gcc700/external/gcc/7.0.0-omkpbe2/bin/../libexec/gcc/x86_64-unknown-linux-gnu/7.3.1/lto-wrapper] ==> ignore
    arg [-plugin-opt=-fresolution=/tmp/ccyYs6m8.res] ==> ignore
    arg [-plugin-opt=-pass-through=-lgcc_s] ==> ignore
    arg [-plugin-opt=-pass-through=-lgcc] ==> ignore
    arg [-plugin-opt=-pass-through=-lc] ==> ignore
    arg [-plugin-opt=-pass-through=-lgcc_s] ==> ignore
    arg [-plugin-opt=-pass-through=-lgcc] ==> ignore
    arg [--build-id] ==> ignore
    arg [--eh-frame-hdr] ==> ignore
    arg [--hash-style=gnu] ==> ignore
    arg [-m] ==> ignore
    arg [elf_x86_64] ==> ignore
    arg [-export-dynamic] ==> ignore
    arg [-dynamic-linker] ==> ignore
    arg [/lib64/ld-linux-x86-64.so.2] ==> ignore
    arg [-zcommon-page-size=4096] ==> ignore
    arg [-zmax-page-size=4096] ==> ignore
    arg [-o] ==> ignore
    arg [cmTC_94417] ==> ignore
    arg [/lib/../lib64/crt1.o] ==> ignore
    arg [/lib/../lib64/crti.o] ==> ignore
    arg [/cvmfs/cms.cern.ch/slc7_amd64_gcc700/external/gcc/7.0.0-omkpbe2/bin/../lib/gcc/x86_64-unknown-linux-gnu/7.3.1/crtbegin.o] ==> ignore
    arg [-L/cvmfs/cms.cern.ch/slc7_amd64_gcc700/external/gcc/7.0.0-omkpbe2/bin/../lib/gcc/x86_64-unknown-linux-gnu/7.3.1] ==> dir [/cvmfs/cms.cern.ch/slc7_amd64_gcc700/external/gcc/7.0.0-omkpbe2/bin/../lib/gcc/x86_64-unknown-linux-gnu/7.3.1]
    arg [-L/cvmfs/cms.cern.ch/slc7_amd64_gcc700/external/gcc/7.0.0-omkpbe2/bin/../lib/gcc] ==> dir [/cvmfs/cms.cern.ch/slc7_amd64_gcc700/external/gcc/7.0.0-omkpbe2/bin/../lib/gcc]
    arg [-L/cvmfs/cms.cern.ch/slc7_amd64_gcc700/external/gcc/7.0.0-omkpbe2/bin/../lib/gcc/x86_64-unknown-linux-gnu/7.3.1/../../../../lib64] ==> dir [/cvmfs/cms.cern.ch/slc7_amd64_gcc700/external/gcc/7.0.0-omkpbe2/bin/../lib/gcc/x86_64-unknown-linux-gnu/7.3.1/../../../../lib64]
    arg [-L/lib/../lib64] ==> dir [/lib/../lib64]
    arg [-L/usr/lib/../lib64] ==> dir [/usr/lib/../lib64]
    arg [-L/cvmfs/cms.cern.ch/slc7_amd64_gcc700/external/gcc/7.0.0-omkpbe2/bin/../lib/gcc/x86_64-unknown-linux-gnu/7.3.1/../../../../x86_64-unknown-linux-gnu/lib] ==> dir [/cvmfs/cms.cern.ch/slc7_amd64_gcc700/external/gcc/7.0.0-omkpbe2/bin/../lib/gcc/x86_64-unknown-linux-gnu/7.3.1/../../../../x86_64-unknown-linux-gnu/lib]
    arg [-L/cvmfs/cms.cern.ch/slc7_amd64_gcc700/external/gcc/7.0.0-omkpbe2/bin/../lib/gcc/x86_64-unknown-linux-gnu/7.3.1/../../..] ==> dir [/cvmfs/cms.cern.ch/slc7_amd64_gcc700/external/gcc/7.0.0-omkpbe2/bin/../lib/gcc/x86_64-unknown-linux-gnu/7.3.1/../../..]
    arg [CMakeFiles/cmTC_94417.dir/CMakeCXXCompilerABI.cpp.o] ==> ignore
    arg [-lstdc++] ==> lib [stdc++]
    arg [-lm] ==> lib [m]
    arg [-lgcc_s] ==> lib [gcc_s]
    arg [-lgcc] ==> lib [gcc]
    arg [-lc] ==> lib [c]
    arg [-lgcc_s] ==> lib [gcc_s]
    arg [-lgcc] ==> lib [gcc]
    arg [/cvmfs/cms.cern.ch/slc7_amd64_gcc700/external/gcc/7.0.0-omkpbe2/bin/../lib/gcc/x86_64-unknown-linux-gnu/7.3.1/crtend.o] ==> ignore
    arg [/lib/../lib64/crtn.o] ==> ignore
  collapse library dir [/cvmfs/cms.cern.ch/slc7_amd64_gcc700/external/gcc/7.0.0-omkpbe2/bin/../lib/gcc/x86_64-unknown-linux-gnu/7.3.1] ==> [/cvmfs/cms.cern.ch/slc7_amd64_gcc700/external/gcc/7.0.0-omkpbe2/lib/gcc/x86_64-unknown-linux-gnu/7.3.1]
  collapse library dir [/cvmfs/cms.cern.ch/slc7_amd64_gcc700/external/gcc/7.0.0-omkpbe2/bin/../lib/gcc] ==> [/cvmfs/cms.cern.ch/slc7_amd64_gcc700/external/gcc/7.0.0-omkpbe2/lib/gcc]
  collapse library dir [/cvmfs/cms.cern.ch/slc7_amd64_gcc700/external/gcc/7.0.0-omkpbe2/bin/../lib/gcc/x86_64-unknown-linux-gnu/7.3.1/../../../../lib64] ==> [/cvmfs/cms.cern.ch/slc7_amd64_gcc700/external/gcc/7.0.0-omkpbe2/lib64]
  collapse library dir [/lib/../lib64] ==> [/lib64]
  collapse library dir [/usr/lib/../lib64] ==> [/usr/lib64]
  collapse library dir [/cvmfs/cms.cern.ch/slc7_amd64_gcc700/external/gcc/7.0.0-omkpbe2/bin/../lib/gcc/x86_64-unknown-linux-gnu/7.3.1/../../../../x86_64-unknown-linux-gnu/lib] ==> [/cvmfs/cms.cern.ch/slc7_amd64_gcc700/external/gcc/7.0.0-omkpbe2/x86_64-unknown-linux-gnu/lib]
  collapse library dir [/cvmfs/cms.cern.ch/slc7_amd64_gcc700/external/gcc/7.0.0-omkpbe2/bin/../lib/gcc/x86_64-unknown-linux-gnu/7.3.1/../../..] ==> [/cvmfs/cms.cern.ch/slc7_amd64_gcc700/external/gcc/7.0.0-omkpbe2/lib]
  implicit libs: [stdc++;m;gcc_s;gcc;c;gcc_s;gcc]
  implicit dirs: [/cvmfs/cms.cern.ch/slc7_amd64_gcc700/external/gcc/7.0.0-omkpbe2/lib/gcc/x86_64-unknown-linux-gnu/7.3.1;/cvmfs/cms.cern.ch/slc7_amd64_gcc700/external/gcc/7.0.0-omkpbe2/lib/gcc;/cvmfs/cms.cern.ch/slc7_amd64_gcc700/external/gcc/7.0.0-omkpbe2/lib64;/lib64;/usr/lib64;/cvmfs/cms.cern.ch/slc7_amd64_gcc700/external/gcc/7.0.0-omkpbe2/x86_64-unknown-linux-gnu/lib;/cvmfs/cms.cern.ch/slc7_amd64_gcc700/external/gcc/7.0.0-omkpbe2/lib]
  implicit fwks: []


